"../../../../Users/mbabi/Documents/Unreal Projects/EscapeIfYouCan/Content/Blueprints/Widgets/crosshairPNG.uasset" 0
"../../../../Users/mbabi/Documents/Unreal Projects/EscapeIfYouCan/Content/Blueprints/Widgets/Crosshair.uasset" 1
"../../../../Users/mbabi/Documents/Unreal Projects/EscapeIfYouCan/Content/Blueprints/Crosshair.uasset" 2
"../../../Engine/Content/Tutorial/SubEditors/TutorialAssets/Character/TutorialTPP_Mat.uasset" 3
"../../../Engine/Content/Tutorial/SubEditors/TutorialAssets/Character/TutorialTPP_PhysicsAsset.uasset" 4
"../../../Engine/Content/Tutorial/SubEditors/TutorialAssets/Character/TutorialTPP_Skeleton.uasset" 5
"../../../Engine/Content/Tutorial/SubEditors/TutorialAssets/Character/TutorialTPP.uasset" 6
"../../../../Users/mbabi/Documents/Unreal Projects/EscapeIfYouCan/Content/Blueprints/MainCharacter_BP.uasset" 7
"../../../../Users/mbabi/Documents/Unreal Projects/EscapeIfYouCan/Content/Blueprints/Widgets/Menu/EndGame.uasset" 8
"../../../../Users/mbabi/Documents/Unreal Projects/EscapeIfYouCan/Content/Sounds/ingameBETA.uasset" 9
"../../../../Users/mbabi/Documents/Unreal Projects/EscapeIfYouCan/Content/Blueprints/EndGameCollisionTrigger_BP.uasset" 10
"../../../../Users/mbabi/Documents/Unreal Projects/EscapeIfYouCan/Content/Blueprints/EndGameCollision_BP.uasset" 11
"../../../../Users/mbabi/Documents/Unreal Projects/EscapeIfYouCan/Content/Blueprints/EndGame.uasset" 12
"../../../../Users/mbabi/Documents/Unreal Projects/EscapeIfYouCan/Content/Blueprints/EscapeIfYouCanGameModeBase_BP.uasset" 13
"../../../../Users/mbabi/Documents/Unreal Projects/EscapeIfYouCan/Content/Blueprints/Widgets/Menu/Attention.uasset" 14
"../../../Engine/Content/ArtTools/RenderToTexture/Textures/127grey.uasset" 15
"../../../../Users/mbabi/Documents/Unreal Projects/EscapeIfYouCan/Content/Blueprints/Widgets/Menu/LoadingScreen.uasset" 16
"../../../../Users/mbabi/Documents/Unreal Projects/EscapeIfYouCan/Content/Blueprints/Widgets/Menu/PauseTheGame.uasset" 17
"../../../../Users/mbabi/Documents/Unreal Projects/EscapeIfYouCan/Content/Blueprints/Widgets/PauseTheGame.uasset" 18
"../../../../Users/mbabi/Documents/Unreal Projects/EscapeIfYouCan/Content/Blueprints/Widgets/GrabObject.uasset" 19
"../../../../Users/mbabi/Documents/Unreal Projects/EscapeIfYouCan/Content/Blueprints/Widgets/ReleaseOrThrowObject.uasset" 20
"../../../../Users/mbabi/Documents/Unreal Projects/EscapeIfYouCan/Content/Blueprints/Widgets/Menu/StartImage.uasset" 21
"../../../../Users/mbabi/Documents/Unreal Projects/EscapeIfYouCan/Content/Sounds/Menu.uasset" 22
"../../../../Users/mbabi/Documents/Unreal Projects/EscapeIfYouCan/Content/Blueprints/Widgets/Menu/Start.uasset" 23
"../../../../Users/mbabi/Documents/Unreal Projects/EscapeIfYouCan/Content/Blueprints/Widgets/Start.uasset" 24
"../../../Engine/Content/Functions/Engine_MaterialFunctions01/Gradient/LinearGradient.uasset" 25
"../../../Engine/Content/Functions/Engine_MaterialFunctions01/ImageAdjustment/CheapContrast.uasset" 26
"../../../Engine/Content/Functions/Engine_MaterialFunctions02/Texturing/CustomRotator.uasset" 27
"../../../Engine/Content/EngineMaterials/DefaultDiffuse.uasset" 28
"../../../Engine/Content/Functions/Engine_MaterialFunctions01/Texturing/WorldAlignedTexture.uasset" 29
"../../../../Users/mbabi/Documents/Unreal Projects/EscapeIfYouCan/Content/MedievalDungeon/Textures/T_BrickFloor_Clean_A.uasset" 30
"../../../../Users/mbabi/Documents/Unreal Projects/EscapeIfYouCan/Content/MedievalDungeon/Textures/T_BrickFloor_Clean_C.uasset" 31
"../../../../Users/mbabi/Documents/Unreal Projects/EscapeIfYouCan/Content/MedievalDungeon/Textures/T_BrickFloor_Clean_H.uasset" 32
"../../../../Users/mbabi/Documents/Unreal Projects/EscapeIfYouCan/Content/MedievalDungeon/Textures/T_BrickFloor_Clean_N.uasset" 33
"../../../../Users/mbabi/Documents/Unreal Projects/EscapeIfYouCan/Content/Materials/Floor.uasset" 34
"../../../../Users/mbabi/Documents/Unreal Projects/EscapeIfYouCan/Content/Materials/Physical_M/StopBouncing.uasset" 35
"../../../Engine/Content/Functions/Engine_MaterialFunctions02/Math/MultiplyAdd.uasset" 36
"../../../Engine/Content/Functions/Engine_MaterialFunctions02/Texturing/ScreenAlignedPixelToPixelUVs.uasset" 37
"../../../Engine/Content/EngineMaterials/Good64x64TilingNoiseHighFreq.uasset" 38
"../../../Engine/Content/Functions/Engine_MaterialFunctions02/Utility/DitherTemporalAA.uasset" 39
"../../../../Users/mbabi/Documents/Unreal Projects/EscapeIfYouCan/Content/MedievalDungeon/Textures/T_Blank_A.uasset" 40
"../../../../Users/mbabi/Documents/Unreal Projects/EscapeIfYouCan/Content/MedievalDungeon/Textures/T_Blank_C.uasset" 41
"../../../../Users/mbabi/Documents/Unreal Projects/EscapeIfYouCan/Content/MedievalDungeon/Textures/T_Blank_N.uasset" 42
"../../../../Users/mbabi/Documents/Unreal Projects/EscapeIfYouCan/Content/MedievalDungeon/Materials/M_Master.uasset" 43
"../../../../Users/mbabi/Documents/Unreal Projects/EscapeIfYouCan/Content/MedievalDungeon/Textures/T_Pots_Texturing_A.uasset" 44
"../../../../Users/mbabi/Documents/Unreal Projects/EscapeIfYouCan/Content/MedievalDungeon/Textures/T_Pots_Texturing_C.uasset" 45
"../../../../Users/mbabi/Documents/Unreal Projects/EscapeIfYouCan/Content/MedievalDungeon/Textures/T_Pots_Texturing_N.uasset" 46
"../../../../Users/mbabi/Documents/Unreal Projects/EscapeIfYouCan/Content/MedievalDungeon/Materials/M_Pots_Inst1.uasset" 47
"../../../../Users/mbabi/Documents/Unreal Projects/EscapeIfYouCan/Content/MedievalDungeon/Textures/T_Statue_Hooded_Metal_A.uasset" 48
"../../../../Users/mbabi/Documents/Unreal Projects/EscapeIfYouCan/Content/MedievalDungeon/Textures/T_Statue_Hooded_Metal_C.uasset" 49
"../../../../Users/mbabi/Documents/Unreal Projects/EscapeIfYouCan/Content/MedievalDungeon/Textures/T_Statue_Hooded_Metal_N.uasset" 50
"../../../../Users/mbabi/Documents/Unreal Projects/EscapeIfYouCan/Content/MedievalDungeon/Materials/M_Statue_Hooded_Metal_Inst1.uasset" 51
"../../../Engine/Content/Functions/Engine_MaterialFunctions02/SafeNormalize.uasset" 52
"../../../Engine/Content/Functions/Engine_MaterialFunctions02/Math/CreateThirdOrthogonalVector.uasset" 53
"../../../Engine/Content/Functions/Engine_MaterialFunctions02/Math/InverseTransformMatrix.uasset" 54
"../../../Engine/Content/Functions/Engine_MaterialFunctions02/Math/TransformToZVector.uasset" 55
"../../../Engine/Content/Functions/Engine_MaterialFunctions02/Utility/CameraDirectionVector.uasset" 56
"../../../Engine/Content/Functions/Engine_MaterialFunctions02/Utility/VectorLength.uasset" 57
"../../../Engine/Content/EngineVolumetrics/Fogsheet/Materials/T_EV_BlankWhite_01.uasset" 58
"../../../Engine/Content/Functions/Engine_MaterialFunctions01/Texturing/ParallaxOcclusionMapping.uasset" 59
"../../../../Users/mbabi/Documents/Unreal Projects/EscapeIfYouCan/Content/MedievalDungeon/Materials/M_Tiling_Master.uasset" 60
"../../../../Users/mbabi/Documents/Unreal Projects/EscapeIfYouCan/Content/MedievalDungeon/Textures/T_StoneWall_A.uasset" 61
"../../../../Users/mbabi/Documents/Unreal Projects/EscapeIfYouCan/Content/MedievalDungeon/Textures/T_StoneWall_C.uasset" 62
"../../../../Users/mbabi/Documents/Unreal Projects/EscapeIfYouCan/Content/MedievalDungeon/Textures/T_StoneWall_H.uasset" 63
"../../../../Users/mbabi/Documents/Unreal Projects/EscapeIfYouCan/Content/MedievalDungeon/Textures/T_StoneWall_N.uasset" 64
"../../../../Users/mbabi/Documents/Unreal Projects/EscapeIfYouCan/Content/MedievalDungeon/Materials/M_StoneWall_Inst.uasset" 65
"../../../../Users/mbabi/Documents/Unreal Projects/EscapeIfYouCan/Content/MedievalDungeon/Meshes/Architecture/Crypt/SM_Crypt_Ceiling_Flat.uasset" 66
"../../../../Users/mbabi/Documents/Unreal Projects/EscapeIfYouCan/Content/MedievalDungeon/Meshes/Architecture/Crypt/SM_Crypt_Ceiling_Half.uasset" 67
"../../../../Users/mbabi/Documents/Unreal Projects/EscapeIfYouCan/Content/MedievalDungeon/Meshes/Architecture/Crypt/SM_Crypt_Ceiling_Half_B.uasset" 68
"../../../../Users/mbabi/Documents/Unreal Projects/EscapeIfYouCan/Content/MedievalDungeon/Materials/M_Tiling_Master1.uasset" 69
"../../../../Users/mbabi/Documents/Unreal Projects/EscapeIfYouCan/Content/MedievalDungeon/Materials/M_Tiling_Master1_Inst.uasset" 70
"../../../../Users/mbabi/Documents/Unreal Projects/EscapeIfYouCan/Content/MedievalDungeon/Meshes/Architecture/Crypt/SM_Crypt_Floor1.uasset" 71
"../../../../Users/mbabi/Documents/Unreal Projects/EscapeIfYouCan/Content/MedievalDungeon/Meshes/Architecture/Crypt/SM_Crypt_Wall_Half.uasset" 72
"../../../../Users/mbabi/Documents/Unreal Projects/EscapeIfYouCan/Content/MedievalDungeon/Textures/T_Ceiling_Arch_Albedo.uasset" 73
"../../../../Users/mbabi/Documents/Unreal Projects/EscapeIfYouCan/Content/MedievalDungeon/Textures/T_Ceiling_Arch_Compact.uasset" 74
"../../../../Users/mbabi/Documents/Unreal Projects/EscapeIfYouCan/Content/MedievalDungeon/Textures/T_Ceiling_Arch_Normal.uasset" 75
"../../../../Users/mbabi/Documents/Unreal Projects/EscapeIfYouCan/Content/MedievalDungeon/Materials/M_Ceiling_Arch_Inst.uasset" 76
"../../../../Users/mbabi/Documents/Unreal Projects/EscapeIfYouCan/Content/MedievalDungeon/Meshes/Architecture/Dungeon/SM_Ceiling_Arch_B.uasset" 77
"../../../../Users/mbabi/Documents/Unreal Projects/EscapeIfYouCan/Content/MedievalDungeon/Meshes/Architecture/Dungeon/SM_Ceiling_Flat_Half.uasset" 78
"../../../../Users/mbabi/Documents/Unreal Projects/EscapeIfYouCan/Content/MedievalDungeon/Meshes/Architecture/Dungeon/SM_Ceiling_Third_Reverse.uasset" 79
"../../../../Users/mbabi/Documents/Unreal Projects/EscapeIfYouCan/Content/MedievalDungeon/Meshes/Architecture/Dungeon/SM_Dungeon_Wall_Half.uasset" 80
"../../../../Users/mbabi/Documents/Unreal Projects/EscapeIfYouCan/Content/MedievalDungeon/Textures/T_Coffin_Albedo.uasset" 81
"../../../../Users/mbabi/Documents/Unreal Projects/EscapeIfYouCan/Content/MedievalDungeon/Textures/T_Coffin_Compact.uasset" 82
"../../../../Users/mbabi/Documents/Unreal Projects/EscapeIfYouCan/Content/MedievalDungeon/Textures/T_Coffin_Normal.uasset" 83
"../../../../Users/mbabi/Documents/Unreal Projects/EscapeIfYouCan/Content/MedievalDungeon/Materials/M_Coffin_Inst.uasset" 84
"../../../../Users/mbabi/Documents/Unreal Projects/EscapeIfYouCan/Content/MedievalDungeon/Meshes/Props/SM_Coffin_Lid.uasset" 85
"../../../../Users/mbabi/Documents/Unreal Projects/EscapeIfYouCan/Content/MedievalDungeon/Textures/T_SplitLog_A.uasset" 86
"../../../../Users/mbabi/Documents/Unreal Projects/EscapeIfYouCan/Content/MedievalDungeon/Textures/T_SplitLog_C.uasset" 87
"../../../../Users/mbabi/Documents/Unreal Projects/EscapeIfYouCan/Content/MedievalDungeon/Textures/T_SplitLog_N.uasset" 88
"../../../../Users/mbabi/Documents/Unreal Projects/EscapeIfYouCan/Content/MedievalDungeon/Materials/M_Log_Inst.uasset" 89
"../../../../Users/mbabi/Documents/Unreal Projects/EscapeIfYouCan/Content/MedievalDungeon/Meshes/Props/SM_SplitLog.uasset" 90
"../../../../Users/mbabi/Documents/Unreal Projects/EscapeIfYouCan/Content/MedievalDungeon/Textures/T_Wood_A.uasset" 91
"../../../../Users/mbabi/Documents/Unreal Projects/EscapeIfYouCan/Content/MedievalDungeon/Textures/T_Wood_C.uasset" 92
"../../../../Users/mbabi/Documents/Unreal Projects/EscapeIfYouCan/Content/MedievalDungeon/Textures/T_Wood_N.uasset" 93
"../../../../Users/mbabi/Documents/Unreal Projects/EscapeIfYouCan/Content/MedievalDungeon/Materials/M_Wood_Inst.uasset" 94
"../../../../Users/mbabi/Documents/Unreal Projects/EscapeIfYouCan/Content/MedievalDungeon/Meshes/Props/SM_Wood_A.uasset" 95
"../../../../Users/mbabi/Documents/Unreal Projects/EscapeIfYouCan/Content/MedievalDungeon/Meshes/Props/SM_Wood_B.uasset" 96
"../../../../Users/mbabi/Documents/Unreal Projects/EscapeIfYouCan/Content/MedievalDungeon/Meshes/Props/SM_Wood_C.uasset" 97
"../../../../Users/mbabi/Documents/Unreal Projects/EscapeIfYouCan/Content/MedievalDungeon/Meshes/Props/SM_Wood_D.uasset" 98
"../../../../Users/mbabi/Documents/Unreal Projects/EscapeIfYouCan/Content/MedievalDungeon/Meshes/Props/SM_Wood_E.uasset" 99
"../../../../Users/mbabi/Documents/Unreal Projects/EscapeIfYouCan/Content/MedievalDungeon/Meshes/Props/SM_Wood_F.uasset" 100
"../../../../Users/mbabi/Documents/Unreal Projects/EscapeIfYouCan/Content/MedievalDungeon/Textures/T_Steps_A.uasset" 101
"../../../../Users/mbabi/Documents/Unreal Projects/EscapeIfYouCan/Content/MedievalDungeon/Textures/T_Steps_C.uasset" 102
"../../../../Users/mbabi/Documents/Unreal Projects/EscapeIfYouCan/Content/MedievalDungeon/Textures/T_Steps_N.uasset" 103
"../../../Engine/Content/Animation/DefaultAnimCurveCompressionSettings.uasset" 104
"../../../Engine/Content/Functions/Engine_MaterialFunctions01/Opacity/CameraDepthFade.uasset" 105
"../../../Engine/Content/EngineMaterials/T_Default_Material_Grid_M.uasset" 106
"../../../Engine/Content/EngineMaterials/T_Default_Material_Grid_N.uasset" 107
"../../../Engine/Content/EngineMaterials/WorldGridMaterial.uasset" 108
"../../../Engine/Content/ArtTools/RenderToTexture/Meshes/S_1_Unit_Plane.uasset" 109
"../../../Engine/Content/EngineMaterials/DefaultMaterial.uasset" 110
"../../../Engine/Content/BasicShapes/Cone.uasset" 111
"../../../Engine/Content/BasicShapes/Cube.uasset" 112
"../../../Engine/Content/BasicShapes/Cylinder.uasset" 113
"../../../Engine/Content/BasicShapes/Sphere.uasset" 114
"../../../Engine/Content/EditorLandscapeResources/DataLayer.uasset" 115
"../../../Engine/Content/EditorMaterials/GizmoMaterial.uasset" 116
"../../../Engine/Content/EditorMaterials/MAT_Groups_Toggle.uasset" 117
"../../../Engine/Content/EditorMaterials/MAT_Groups_Visibility.uasset" 118
"../../../Engine/Content/EditorMaterials/PreviewShadowIndicator.uasset" 119
"../../../Engine/Content/EditorMaterials/PreviewShadowIndicatorMaterial.uasset" 120
"../../../Engine/Content/EditorMaterials/MatineeGroups/MAT_ColorTrack.uasset" 121
"../../../Engine/Content/EditorMaterials/MatineeGroups/MAT_Groups_Anim.uasset" 122
"../../../Engine/Content/EditorMaterials/MatineeGroups/MAT_Groups_AudioMaster.uasset" 123
"../../../Engine/Content/EditorMaterials/MatineeGroups/MAT_Groups_Director.uasset" 124
"../../../Engine/Content/EditorMaterials/MatineeGroups/MAT_Groups_Event.uasset" 125
"../../../Engine/Content/EditorMaterials/MatineeGroups/MAT_Groups_Fade.uasset" 126
"../../../Engine/Content/EditorMaterials/MatineeGroups/MAT_Groups_Float.uasset" 127
"../../../Engine/Content/EditorMaterials/MatineeGroups/MAT_Groups_Move.uasset" 128
"../../../Engine/Content/EditorMaterials/MatineeGroups/MAT_Groups_Slomo.uasset" 129
"../../../Engine/Content/EditorMaterials/MatineeGroups/MAT_Groups_Sound.uasset" 130
"../../../Engine/Content/EditorMaterials/MatineeGroups/MAT_Groups_Vector.uasset" 131
"../../../Engine/Content/EditorMaterials/ParticleSystems/PSysThumbnail_NoImage.uasset" 132
"../../../Engine/Content/EditorMaterials/ParticleSystems/PSysThumbnail_OOD.uasset" 133
"../../../Engine/Content/EditorMaterials/Camera/CineMat.uasset" 134
"../../../Engine/Content/EditorMaterials/Camera/MI_CineMat_Rig.uasset" 135
"../../../Engine/Content/EditorMeshes/Camera/SM_CraneRig_Arm.uasset" 136
"../../../Engine/Content/EditorMeshes/Camera/SM_CraneRig_Base.uasset" 137
"../../../Engine/Content/EditorMeshes/Camera/SM_CraneRig_Body.uasset" 138
"../../../Engine/Content/EditorMeshes/Camera/SM_CraneRig_Mount.uasset" 139
"../../../Engine/Content/EditorMeshes/Camera/SM_RailRig_Mount.uasset" 140
"../../../Engine/Content/EditorMeshes/Camera/SM_RailRig_Track.uasset" 141
"../../../Engine/Content/EditorResources/BSPVertex.uasset" 142
"../../../Engine/Content/EditorResources/EmptyActor.uasset" 143
"../../../Engine/Content/EditorResources/S_Actor.uasset" 144
"../../../Engine/Content/EditorResources/S_Note.uasset" 145
"../../../Engine/Content/EditorResources/S_Trigger.uasset" 146
"../../../Engine/Content/EditorResources/AudioIcons/S_AudioComponent.uasset" 147
"../../../Engine/Content/EditorResources/SequenceRecorder/Countdown.uasset" 148
"../../../Engine/Content/EditorResources/SequenceRecorder/RecordingIndicator.uasset" 149
"../../../Engine/Content/EditorSounds/Notifications/CompileFailed.uasset" 150
"../../../Engine/Content/EditorSounds/Notifications/CompileFailed_Cue.uasset" 151
"../../../Engine/Content/EditorSounds/Notifications/CompileSuccess.uasset" 152
"../../../Engine/Content/EditorSounds/Notifications/CompileStart_Cue.uasset" 153
"../../../Engine/Content/EditorSounds/Notifications/CompileSuccess_Cue.uasset" 154
"../../../Engine/Content/EngineDamageTypes/DmgTypeBP_Environmental.uasset" 155
"../../../Engine/Content/EngineDebugMaterials/HeatmapGradient.uasset" 156
"../../../Engine/Content/EngineDebugMaterials/BoneWeightMaterial.uasset" 157
"../../../Engine/Content/EngineDebugMaterials/ClothMaterial.uasset" 158
"../../../Engine/Content/EngineDebugMaterials/ClothMaterial_WF.uasset" 159
"../../../Engine/Content/EngineDebugMaterials/DebugEditorMaterial.uasset" 160
"../../../Engine/Content/EngineDebugMaterials/DebugMeshMaterial.uasset" 161
"../../../Engine/Content/EngineDebugMaterials/GeomMaterial.uasset" 162
"../../../Engine/Content/EngineDebugMaterials/M_SimpleTranslucent.uasset" 163
"../../../Engine/Content/EngineFonts/Faces/RobotoBold.uasset" 164
"../../../Engine/Content/EngineFonts/Faces/RobotoBoldItalic.uasset" 165
"../../../Engine/Content/EngineFonts/Faces/RobotoItalic.uasset" 166
"../../../Engine/Content/EngineFonts/Faces/RobotoLight.uasset" 167
"../../../Engine/Content/EngineFonts/Faces/RobotoRegular.uasset" 168
"../../../Engine/Content/EngineFonts/Roboto.uasset" 169
"../../../Engine/Content/EngineFonts/Faces/RobotoTiny.uasset" 170
"../../../Engine/Content/EngineFonts/RobotoTiny.uasset" 171
"../../../Engine/Content/EngineMaterials/BaseFlattenDiffuseMap.uasset" 172
"../../../Engine/Content/EngineMaterials/BaseFlattenEmissiveMap.uasset" 173
"../../../Engine/Content/EngineMaterials/BaseFlattenGrayscaleMap.uasset" 174
"../../../Engine/Content/EngineMaterials/BaseFlattenNormalMap.uasset" 175
"../../../Engine/Content/EngineMaterials/BaseFlattenMaterial.uasset" 176
"../../../Engine/Content/EngineMaterials/DefaultBloomKernel.uasset" 177
"../../../Engine/Content/EngineMaterials/DefaultBokeh.uasset" 178
"../../../Engine/Content/EngineMaterials/DefaultDeferredDecalMaterial.uasset" 179
"../../../Engine/Content/EngineMaterials/DefaultLightFunctionMaterial.uasset" 180
"../../../Engine/Content/EngineMaterials/DefaultPhysicalMaterial.uasset" 181
"../../../Engine/Content/Functions/Engine_MaterialFunctions02/Utility/BreakOutFloat2Components.uasset" 182
"../../../Engine/Content/EngineMaterials/DefaultPostProcessMaterial.uasset" 183
"../../../Engine/Content/EngineFonts/RobotoDistanceField.uasset" 184
"../../../Engine/Content/EngineMaterials/DefaultTextMaterialOpaque.uasset" 185
"../../../Engine/Content/EngineMaterials/DefaultWhiteGrid.uasset" 186
"../../../Engine/Content/EngineMaterials/EditorBrushMaterial.uasset" 187
"../../../Engine/Content/EngineMaterials/MiniFont.uasset" 188
"../../../Engine/Content/EngineMaterials/InvalidLightmapSettings.uasset" 189
"../../../Engine/Content/EngineMaterials/M_InvalidLightmapSettings.uasset" 190
"../../../Engine/Content/Functions/Engine_MaterialFunctions02/WorldPositionOffset/CameraOffset.uasset" 191
"../../../Engine/Content/EngineMaterials/PhAT_JointLimitMaterial.uasset" 192
"../../../Engine/Content/EngineMaterials/PreintegratedSkinBRDF.uasset" 193
"../../../Engine/Content/EngineMaterials/RemoveSurfaceMaterial.uasset" 194
"../../../Engine/Content/EngineMaterials/WeightMapPlaceholderTexture.uasset" 195
"../../../Engine/Content/EngineResources/WhiteSquareTexture.uasset" 196
"../../../Engine/Content/EngineMaterials/Widget3DPassThrough.uasset" 197
"../../../Engine/Content/EngineMaterials/Widget3DPassThrough_Masked.uasset" 198
"../../../Engine/Content/EngineMaterials/Widget3DPassThrough_Opaque.uasset" 199
"../../../Engine/Content/EngineMaterials/Widget3DPassThrough_Masked_OneSided.uasset" 200
"../../../Engine/Content/EngineMaterials/Widget3DPassThrough_Opaque_OneSided.uasset" 201
"../../../Engine/Content/EngineMaterials/Widget3DPassThrough_Translucent.uasset" 202
"../../../Engine/Content/EngineMaterials/Widget3DPassThrough_Translucent_OneSided.uasset" 203
"../../../Engine/Content/EngineMeshes/Cylinder.uasset" 204
"../../../Engine/Content/EngineMeshes/Sphere.uasset" 205
"../../../Engine/Content/EngineResources/Black.uasset" 206
"../../../Engine/Content/EngineResources/DefaultTexture.uasset" 207
"../../../Engine/Content/EngineResources/DefaultTextureCube.uasset" 208
"../../../Engine/Content/EngineResources/DefaultVolumeTexture2D.uasset" 209
"../../../Engine/Content/EngineResources/DefaultVolumeTexture.uasset" 210
"../../../Engine/Content/EngineResources/GradientTexture0.uasset" 211
"../../../Engine/Content/EngineSounds/Master.uasset" 212
"../../../Engine/Content/Functions/Engine_MaterialFunctions01/Shading/ConvertFromDiffSpec.uasset" 213
"../../../Engine/Content/Functions/Engine_MaterialFunctions01/Shading/PowerToRoughness.uasset" 214
"../../../Engine/Content/Maps/Templates/Thumbnails/Default.uasset" 215
"../../../Engine/Content/Maps/Templates/Thumbnails/VR-Basic.uasset" 216
"../../../Engine/Content/MobileResources/T_MobileControls_texture.uasset" 217
"../../../Engine/Content/MobileResources/T_MobileMenu2.uasset" 218
"../../../Engine/Content/MobileResources/HUD/AnalogHat.uasset" 219
"../../../Engine/Content/MobileResources/HUD/VirtualJoystick_Background.uasset" 220
"../../../Engine/Content/MobileResources/HUD/VirtualJoystick_Thumb.uasset" 221
"../../../Engine/Content/MobileResources/HUD/DefaultVirtualJoysticks.uasset" 222
"../../../Engine/Content/MobileResources/HUD/LeftVirtualJoystickOnly.uasset" 223
"../../../Engine/Content/MobileResources/HUD/MobileHUDButton1_off.uasset" 224
"../../../Engine/Content/MobileResources/HUD/MobileHUDButton1_on.uasset" 225
"../../../Engine/Content/MobileResources/HUD/MobileHUDButton2_off.uasset" 226
"../../../Engine/Content/MobileResources/HUD/MobileHUDButton2_on.uasset" 227
"../../../Engine/Content/MobileResources/HUD/MobileHUDButton3.uasset" 228
"../../../Engine/Content/MobileResources/HUD/MobileHUDButtonFire.uasset" 229
"../../../Engine/Content/MobileResources/HUD/MobileHUDDirectionPad.uasset" 230
"../../../Engine/Content/MobileResources/HUD/MobileHUDDirectionPad2.uasset" 231
"../../../Engine/Content/MobileResources/HUD/MobileHUDDirectionPad3.uasset" 232
"../../../Engine/Content/MobileResources/HUD/MobileHUDDirectionStick.uasset" 233
"../../../Engine/Content/MobileResources/HUD/T_Castle_ThumbstickInner.uasset" 234
"../../../Engine/Content/MobileResources/HUD/T_Castle_ThumbstickOutter.uasset" 235
"../../../Engine/Content/Tutorial/ContentIntroCurve.uasset" 236
"../../../Engine/Content/Tutorial/Basics/LevelEditorAttract.uasset" 237
"../../../Engine/Content/Tutorial/Basics/TutorialAssets/icon_tab_Levels_40x.uasset" 238
"../../../Engine/Content/Tutorial/Basics/LevelEditorOverview.uasset" 239
"../../../Engine/Content/VREditor/LaserPointer/VR_LaserPower_01.uasset" 240
"../../../Engine/Content/VREditor/TransformGizmo/TransformGizmoMaterial.uasset" 241
"../../../Engine/Content/VREditor/TransformGizmo/TranslucentTransformGizmoMaterial.uasset" 242
"../../../Engine/Content/VREditor/TransformGizmo/BoundingBoxCorner.uasset" 243
"../../../Engine/Content/VREditor/TransformGizmo/BoundingBoxEdge.uasset" 244
"../../../Engine/Content/VREditor/TransformGizmo/PlaneTranslationHandle.uasset" 245
"../../../Engine/Content/VREditor/TransformGizmo/Main.uasset" 246
"../../../Engine/Content/VREditor/TransformGizmo/Xray.uasset" 247
"../../../Engine/Content/VREditor/TransformGizmo/SM_Sequencer_Key.uasset" 248
"../../../Engine/Content/VREditor/TransformGizmo/SM_Sequencer_Node.uasset" 249
"../../Plugins/2D/Paper2D/Content/PlaceholderTextures/DummySpriteTexture.uasset" 250
"../../Plugins/2D/Paper2D/Content/DummySprite.uasset" 251
"../../Plugins/2D/Paper2D/Content/DefaultPaperTerrainMaterial.uasset" 252
"../../Plugins/2D/Paper2D/Content/DummySpriteTexture.uasset" 253
"../../Plugins/2D/Paper2D/Content/DefaultSpriteMaterial.uasset" 254
"../../Plugins/2D/Paper2D/Content/MaskedUnlitSpriteMaterial.uasset" 255
"../../Plugins/2D/Paper2D/Content/OpaqueUnlitSpriteMaterial.uasset" 256
"../../Plugins/Runtime/Oculus/OculusVR/Content/OculusMR_RenderTarget.uasset" 257
"../../../Engine/Content/Functions/Engine_MaterialFunctions02/Utility/BreakOutFloat4Components.uasset" 258
"../../../Engine/Content/Functions/Engine_MaterialFunctions02/Utility/MakeFloat2.uasset" 259
"../../../Engine/Content/Functions/Engine_MaterialFunctions02/Utility/MakeFloat3.uasset" 260
"../../Plugins/Runtime/Oculus/OculusVR/Content/Materials/OculusMR_ChromaKey.uasset" 261
"../../Plugins/Runtime/Oculus/OculusVR/Content/Materials/OculusMR_ChromaKey_Lit.uasset" 262
"../../Plugins/Runtime/Oculus/OculusVR/Content/Materials/OculusMR_OpaqueColoredMaterial.uasset" 263
"../../Plugins/Runtime/Oculus/OculusVR/Content/Materials/OculusMR_WhiteMaterial.uasset" 264
"../../Plugins/Runtime/Oculus/OculusVR/Content/Materials/PokeAHoleMaterial.uasset" 265
"../../Plugins/Runtime/Oculus/OculusVR/Content/Textures/GearVRController_AO.uasset" 266
"../../Plugins/Runtime/Oculus/OculusVR/Content/Textures/GearVRController_Color.uasset" 267
"../../Plugins/Runtime/Oculus/OculusVR/Content/Textures/GearVRController_Normal.uasset" 268
"../../Plugins/Runtime/Oculus/OculusVR/Content/Materials/GearVRControllerMaterial.uasset" 269
"../../Plugins/Runtime/Oculus/OculusVR/Content/Meshes/GearVrController.uasset" 270
"../../Plugins/Runtime/Oculus/OculusVR/Content/Textures/touchController_albedo.uasset" 271
"../../Plugins/Runtime/Oculus/OculusVR/Content/Textures/touchController_controlmap.uasset" 272
"../../Plugins/Runtime/Oculus/OculusVR/Content/Materials/touchController_mat.uasset" 273
"../../Plugins/Runtime/Oculus/OculusVR/Content/Meshes/LeftTouchController.uasset" 274
"../../Plugins/Runtime/Oculus/OculusVR/Content/Meshes/RiftHMD.uasset" 275
"../../Plugins/Runtime/Oculus/OculusVR/Content/Meshes/RightTouchController.uasset" 276
"../../../../Users/mbabi/Documents/Unreal Projects/EscapeIfYouCan/Content/Levels/Castle_BuiltData.uasset" 277
"../../../Engine/Content/Functions/Engine_MaterialFunctions01/Density/ExponentialDensity.uasset" 278
"../../../Engine/Content/Functions/Engine_MaterialFunctions01/Gradient/RadialGradientExponential.uasset" 279
"../../../../Users/mbabi/Documents/Unreal Projects/EscapeIfYouCan/Content/Materials/Mask.uasset" 280
"../../../../Users/mbabi/Documents/Unreal Projects/EscapeIfYouCan/Content/MedievalDungeon/Textures/T_Skeleton_Clean_A.uasset" 281
"../../../../Users/mbabi/Documents/Unreal Projects/EscapeIfYouCan/Content/MedievalDungeon/Textures/T_Skeleton_Clean_C.uasset" 282
"../../../../Users/mbabi/Documents/Unreal Projects/EscapeIfYouCan/Content/MedievalDungeon/Textures/T_Skeleton_Clean_N.uasset" 283
"../../../../Users/mbabi/Documents/Unreal Projects/EscapeIfYouCan/Content/MedievalDungeon/Textures/T_Skeleton_Dirty_A.uasset" 284
"../../../../Users/mbabi/Documents/Unreal Projects/EscapeIfYouCan/Content/MedievalDungeon/Textures/T_Skeleton_Dirty_C.uasset" 285
"../../../../Users/mbabi/Documents/Unreal Projects/EscapeIfYouCan/Content/MedievalDungeon/Textures/T_Skeleton_Dirty_N.uasset" 286
"../../../../Users/mbabi/Documents/Unreal Projects/EscapeIfYouCan/Content/MedievalDungeon/Materials/Bone1.uasset" 287
"../../../../Users/mbabi/Documents/Unreal Projects/EscapeIfYouCan/Content/MedievalDungeon/Materials/Bone2.uasset" 288
"../../../../Users/mbabi/Documents/Unreal Projects/EscapeIfYouCan/Content/MedievalDungeon/Materials/Bone3.uasset" 289
"../../../../Users/mbabi/Documents/Unreal Projects/EscapeIfYouCan/Content/MedievalDungeon/Materials/Bone4.uasset" 290
"../../../../Users/mbabi/Documents/Unreal Projects/EscapeIfYouCan/Content/MedievalDungeon/Materials/Bone5.uasset" 291
"../../../../Users/mbabi/Documents/Unreal Projects/EscapeIfYouCan/Content/MedievalDungeon/Materials/Bone6.uasset" 292
"../../../../Users/mbabi/Documents/Unreal Projects/EscapeIfYouCan/Content/MedievalDungeon/Textures/T_Statue_Hooded_A.uasset" 293
"../../../../Users/mbabi/Documents/Unreal Projects/EscapeIfYouCan/Content/MedievalDungeon/Textures/T_Statue_Hooded_N.uasset" 294
"../../../../Users/mbabi/Documents/Unreal Projects/EscapeIfYouCan/Content/MedievalDungeon/Textures/T_Statue_Hooded_R.uasset" 295
"../../../../Users/mbabi/Documents/Unreal Projects/EscapeIfYouCan/Content/MedievalDungeon/Materials/M_Statue1.uasset" 296
"../../../Engine/Content/Functions/Engine_MaterialFunctions02/SplitComponents.uasset" 297
"../../../../Users/mbabi/Documents/Unreal Projects/EscapeIfYouCan/Content/Materials/MF_ConvolveTexture.uasset" 298
"../../../../Users/mbabi/Documents/Unreal Projects/EscapeIfYouCan/Content/Materials/MF_ExtractDepth.uasset" 299
"../../../../Users/mbabi/Documents/Unreal Projects/EscapeIfYouCan/Content/Materials/MF_SampleSceneTextureNeighbourUVs.uasset" 300
"../../../../Users/mbabi/Documents/Unreal Projects/EscapeIfYouCan/Content/Materials/PP_Outliner_M.uasset" 301
"../../../../Users/mbabi/Documents/Unreal Projects/EscapeIfYouCan/Content/Materials/PP_Outliner_Inst.uasset" 302
"../../../../Users/mbabi/Documents/Unreal Projects/EscapeIfYouCan/Content/MedievalDungeon/Materials/M_Master1.uasset" 303
"../../../../Users/mbabi/Documents/Unreal Projects/EscapeIfYouCan/Content/MedievalDungeon/Textures/T_Gargoyle_A.uasset" 304
"../../../../Users/mbabi/Documents/Unreal Projects/EscapeIfYouCan/Content/MedievalDungeon/Textures/T_Gargoyle_C.uasset" 305
"../../../../Users/mbabi/Documents/Unreal Projects/EscapeIfYouCan/Content/MedievalDungeon/Textures/T_Gargoyle_N.uasset" 306
"../../../../Users/mbabi/Documents/Unreal Projects/EscapeIfYouCan/Content/MedievalDungeon/Materials/M_Gargoyle_Inst1.uasset" 307
"../../../../Users/mbabi/Documents/Unreal Projects/EscapeIfYouCan/Content/MedievalDungeon/Materials/M_Pots_Inst.uasset" 308
"../../../Engine/Content/BasicShapes/Plane.uasset" 309
"../../../../Users/mbabi/Documents/Unreal Projects/EscapeIfYouCan/Content/Materials/Physical_M/FrictionForPickUpItems.uasset" 310
"../../../../Users/mbabi/Documents/Unreal Projects/EscapeIfYouCan/Content/Materials/Physical_M/Restitution.uasset" 311
"../../../../Users/mbabi/Documents/Unreal Projects/EscapeIfYouCan/Content/MedievalDungeon/Textures/T_DoorHardware_Albedo.uasset" 312
"../../../../Users/mbabi/Documents/Unreal Projects/EscapeIfYouCan/Content/MedievalDungeon/Textures/T_DoorHardware_C.uasset" 313
"../../../../Users/mbabi/Documents/Unreal Projects/EscapeIfYouCan/Content/MedievalDungeon/Textures/T_DoorHardware_N.uasset" 314
"../../../../Users/mbabi/Documents/Unreal Projects/EscapeIfYouCan/Content/MedievalDungeon/Materials/M_Door_Hardware_Inst.uasset" 315
"../../../../Users/mbabi/Documents/Unreal Projects/EscapeIfYouCan/Content/MedievalDungeon/Textures/T_DoorWay_Large_Door_Right_Albedo.uasset" 316
"../../../../Users/mbabi/Documents/Unreal Projects/EscapeIfYouCan/Content/MedievalDungeon/Textures/T_DoorWay_Large_Door_Right_Normal.uasset" 317
"../../../../Users/mbabi/Documents/Unreal Projects/EscapeIfYouCan/Content/MedievalDungeon/Textures/T_DoorWay_Large_DoorRight_Compact.uasset" 318
"../../../../Users/mbabi/Documents/Unreal Projects/EscapeIfYouCan/Content/MedievalDungeon/Materials/M_Doorway_Large_Right_Door_Inst.uasset" 319
"../../../../Users/mbabi/Documents/Unreal Projects/EscapeIfYouCan/Content/MedievalDungeon/Textures/T_Large_Window_Half_A.uasset" 320
"../../../../Users/mbabi/Documents/Unreal Projects/EscapeIfYouCan/Content/MedievalDungeon/Textures/T_Large_Window_Half_C.uasset" 321
"../../../../Users/mbabi/Documents/Unreal Projects/EscapeIfYouCan/Content/MedievalDungeon/Textures/T_Large_Window_Half_N.uasset" 322
"../../../../Users/mbabi/Documents/Unreal Projects/EscapeIfYouCan/Content/MedievalDungeon/Materials/M_Large_Window_Half_Inst.uasset" 323
"../../../../Users/mbabi/Documents/Unreal Projects/EscapeIfYouCan/Content/MedievalDungeon/Meshes/Architecture/Crypt/SM_Crypt_Doorway.uasset" 324
"../../../../Users/mbabi/Documents/Unreal Projects/EscapeIfYouCan/Content/MedievalDungeon/Materials/M_BrickFloor_Clean_Inst.uasset" 325
"../../../../Users/mbabi/Documents/Unreal Projects/EscapeIfYouCan/Content/MedievalDungeon/Meshes/Architecture/Crypt/SM_Crypt_Floor.uasset" 326
"../../../../Users/mbabi/Documents/Unreal Projects/EscapeIfYouCan/Content/MedievalDungeon/Textures/T_Crypt_Wall_Decorative_B_Albedo.uasset" 327
"../../../../Users/mbabi/Documents/Unreal Projects/EscapeIfYouCan/Content/MedievalDungeon/Textures/T_Crypt_Wall_Decorative_B_Compact.uasset" 328
"../../../../Users/mbabi/Documents/Unreal Projects/EscapeIfYouCan/Content/MedievalDungeon/Textures/T_Crypt_Wall_Decorative_B_Normal.uasset" 329
"../../../../Users/mbabi/Documents/Unreal Projects/EscapeIfYouCan/Content/MedievalDungeon/Materials/M_Crypt_Wall_Decorative_B_Inst.uasset" 330
"../../../../Users/mbabi/Documents/Unreal Projects/EscapeIfYouCan/Content/MedievalDungeon/Textures/T_Edge_Stones_And_Straight_Column_Texturing_Albedo.uasset" 331
"../../../../Users/mbabi/Documents/Unreal Projects/EscapeIfYouCan/Content/MedievalDungeon/Textures/T_Edge_Stones_And_Straight_Column_Texturing_Compact.uasset" 332
"../../../../Users/mbabi/Documents/Unreal Projects/EscapeIfYouCan/Content/MedievalDungeon/Textures/T_Edge_Stones_And_Straight_Column_Texturing_Normal.uasset" 333
"../../../../Users/mbabi/Documents/Unreal Projects/EscapeIfYouCan/Content/MedievalDungeon/Materials/M_Edge_Stones_Inst.uasset" 334
"../../../../Users/mbabi/Documents/Unreal Projects/EscapeIfYouCan/Content/MedievalDungeon/Meshes/Architecture/Crypt/SM_Crypt_Wall_Decorative_B.uasset" 335
"../../../../Users/mbabi/Documents/Unreal Projects/EscapeIfYouCan/Content/MedievalDungeon/Textures/T_Crypt_Wall_Decorative_D_A.uasset" 336
"../../../../Users/mbabi/Documents/Unreal Projects/EscapeIfYouCan/Content/MedievalDungeon/Textures/T_Crypt_Wall_Decorative_D_C.uasset" 337
"../../../../Users/mbabi/Documents/Unreal Projects/EscapeIfYouCan/Content/MedievalDungeon/Textures/T_Crypt_Wall_Decorative_D_N.uasset" 338
"../../../../Users/mbabi/Documents/Unreal Projects/EscapeIfYouCan/Content/MedievalDungeon/Materials/M_Crypt_Wall_Decorative_D_Inst.uasset" 339
"../../../../Users/mbabi/Documents/Unreal Projects/EscapeIfYouCan/Content/MedievalDungeon/Meshes/Architecture/Crypt/SM_Crypt_Wall_Decorative_D.uasset" 340
"../../../../Users/mbabi/Documents/Unreal Projects/EscapeIfYouCan/Content/MedievalDungeon/Textures/T_Mausoleum_Part_A_A.uasset" 341
"../../../../Users/mbabi/Documents/Unreal Projects/EscapeIfYouCan/Content/MedievalDungeon/Textures/T_Mausoleum_Part_A_C.uasset" 342
"../../../../Users/mbabi/Documents/Unreal Projects/EscapeIfYouCan/Content/MedievalDungeon/Textures/T_Mausoleum_Part_A_N.uasset" 343
"../../../../Users/mbabi/Documents/Unreal Projects/EscapeIfYouCan/Content/MedievalDungeon/Materials/M_Mausoleum_Part_A_Inst.uasset" 344
"../../../../Users/mbabi/Documents/Unreal Projects/EscapeIfYouCan/Content/MedievalDungeon/Textures/T_Mausoleum_Part_B_A.uasset" 345
"../../../../Users/mbabi/Documents/Unreal Projects/EscapeIfYouCan/Content/MedievalDungeon/Textures/T_Mausoleum_Part_B_C.uasset" 346
"../../../../Users/mbabi/Documents/Unreal Projects/EscapeIfYouCan/Content/MedievalDungeon/Textures/T_Mausoleum_Part_B_N.uasset" 347
"../../../../Users/mbabi/Documents/Unreal Projects/EscapeIfYouCan/Content/MedievalDungeon/Materials/M_Mausoleum_Part_B_Inst.uasset" 348
"../../../../Users/mbabi/Documents/Unreal Projects/EscapeIfYouCan/Content/MedievalDungeon/Textures/T_Tiling_Plaster_A.uasset" 349
"../../../../Users/mbabi/Documents/Unreal Projects/EscapeIfYouCan/Content/MedievalDungeon/Textures/T_Tiling_Plaster_C.uasset" 350
"../../../../Users/mbabi/Documents/Unreal Projects/EscapeIfYouCan/Content/MedievalDungeon/Textures/T_Tiling_Plaster_N.uasset" 351
"../../../../Users/mbabi/Documents/Unreal Projects/EscapeIfYouCan/Content/MedievalDungeon/Materials/M_Tiling_Plaster_Inst.uasset" 352
"../../../../Users/mbabi/Documents/Unreal Projects/EscapeIfYouCan/Content/MedievalDungeon/Meshes/Architecture/Crypt/SM_Mausoleum.uasset" 353
"../../../../Users/mbabi/Documents/Unreal Projects/EscapeIfYouCan/Content/MedievalDungeon/Meshes/Architecture/Dungeon/SM_Ceiling.uasset" 354
"../../../../Users/mbabi/Documents/Unreal Projects/EscapeIfYouCan/Content/MedievalDungeon/Meshes/Architecture/Dungeon/SM_Ceiling_Arch_A.uasset" 355
"../../../../Users/mbabi/Documents/Unreal Projects/EscapeIfYouCan/Content/MedievalDungeon/Textures/T_Cell_Door_Front_A.uasset" 356
"../../../../Users/mbabi/Documents/Unreal Projects/EscapeIfYouCan/Content/MedievalDungeon/Textures/T_Cell_Door_Front_C.uasset" 357
"../../../../Users/mbabi/Documents/Unreal Projects/EscapeIfYouCan/Content/MedievalDungeon/Textures/T_Cell_Door_Front_N.uasset" 358
"../../../../Users/mbabi/Documents/Unreal Projects/EscapeIfYouCan/Content/MedievalDungeon/Materials/M_Cell_Door_Front_Inst.uasset" 359
"../../../../Users/mbabi/Documents/Unreal Projects/EscapeIfYouCan/Content/MedievalDungeon/Meshes/Architecture/Dungeon/SM_Cell_Door.uasset" 360
"../../../../Users/mbabi/Documents/Unreal Projects/EscapeIfYouCan/Content/MedievalDungeon/Meshes/Architecture/Dungeon/SM_Cell_Front.uasset" 361
"../../../../Users/mbabi/Documents/Unreal Projects/EscapeIfYouCan/Content/MedievalDungeon/Textures/T_Cell_Side_A.uasset" 362
"../../../../Users/mbabi/Documents/Unreal Projects/EscapeIfYouCan/Content/MedievalDungeon/Textures/T_Cell_Side_C.uasset" 363
"../../../../Users/mbabi/Documents/Unreal Projects/EscapeIfYouCan/Content/MedievalDungeon/Textures/T_Cell_Side_N.uasset" 364
"../../../../Users/mbabi/Documents/Unreal Projects/EscapeIfYouCan/Content/MedievalDungeon/Materials/M_Cell_Side_Inst.uasset" 365
"../../../../Users/mbabi/Documents/Unreal Projects/EscapeIfYouCan/Content/MedievalDungeon/Meshes/Architecture/Dungeon/SM_Cell_Side.uasset" 366
"../../../../Users/mbabi/Documents/Unreal Projects/EscapeIfYouCan/Content/MedievalDungeon/Textures/T_DoorWay_Large_Door_Left_Albedo.uasset" 367
"../../../../Users/mbabi/Documents/Unreal Projects/EscapeIfYouCan/Content/MedievalDungeon/Textures/T_DoorWay_Large_Door_Left_Compact.uasset" 368
"../../../../Users/mbabi/Documents/Unreal Projects/EscapeIfYouCan/Content/MedievalDungeon/Textures/T_DoorWay_Large_Door_Left_Normal.uasset" 369
"../../../../Users/mbabi/Documents/Unreal Projects/EscapeIfYouCan/Content/MedievalDungeon/Materials/M_Doorway_Large_Left_Door_Inst.uasset" 370
"../../../../Users/mbabi/Documents/Unreal Projects/EscapeIfYouCan/Content/MedievalDungeon/Textures/T_Metal_A.uasset" 371
"../../../../Users/mbabi/Documents/Unreal Projects/EscapeIfYouCan/Content/MedievalDungeon/Textures/T_Metal_C.uasset" 372
"../../../../Users/mbabi/Documents/Unreal Projects/EscapeIfYouCan/Content/MedievalDungeon/Textures/T_Metal_N.uasset" 373
"../../../../Users/mbabi/Documents/Unreal Projects/EscapeIfYouCan/Content/MedievalDungeon/Materials/M_Metal_Decor_Inst.uasset" 374
"../../../../Users/mbabi/Documents/Unreal Projects/EscapeIfYouCan/Content/MedievalDungeon/Meshes/Architecture/Dungeon/SM_DoorWay_Large_Door_Left.uasset" 375
"../../../../Users/mbabi/Documents/Unreal Projects/EscapeIfYouCan/Content/MedievalDungeon/Meshes/Architecture/Dungeon/SM_DoorWay_Large_Door_Right.uasset" 376
"../../../../Users/mbabi/Documents/Unreal Projects/EscapeIfYouCan/Content/MedievalDungeon/Meshes/Architecture/Dungeon/SM_Dungeon_Wall.uasset" 377
"../../../../Users/mbabi/Documents/Unreal Projects/EscapeIfYouCan/Content/MedievalDungeon/Textures/T_Dungeon_Wall_Decorative_A_A.uasset" 378
"../../../../Users/mbabi/Documents/Unreal Projects/EscapeIfYouCan/Content/MedievalDungeon/Textures/T_Dungeon_Wall_Decorative_A_C.uasset" 379
"../../../../Users/mbabi/Documents/Unreal Projects/EscapeIfYouCan/Content/MedievalDungeon/Textures/T_Dungeon_Wall_Decorative_A_N.uasset" 380
"../../../../Users/mbabi/Documents/Unreal Projects/EscapeIfYouCan/Content/MedievalDungeon/Materials/M_Dungeon_Wall_Decorative_A_Inst.uasset" 381
"../../../../Users/mbabi/Documents/Unreal Projects/EscapeIfYouCan/Content/MedievalDungeon/Meshes/Architecture/Dungeon/SM_Dungeon_Wall_Decorative_A.uasset" 382
"../../../../Users/mbabi/Documents/Unreal Projects/EscapeIfYouCan/Content/MedievalDungeon/Meshes/Architecture/Dungeon/SM_Edge_Stones.uasset" 383
"../../../../Users/mbabi/Documents/Unreal Projects/EscapeIfYouCan/Content/MedievalDungeon/Textures/T_Fire_Pit_A.uasset" 384
"../../../../Users/mbabi/Documents/Unreal Projects/EscapeIfYouCan/Content/MedievalDungeon/Textures/T_Fire_Pit_C.uasset" 385
"../../../../Users/mbabi/Documents/Unreal Projects/EscapeIfYouCan/Content/MedievalDungeon/Textures/T_Fire_Pit_N.uasset" 386
"../../../../Users/mbabi/Documents/Unreal Projects/EscapeIfYouCan/Content/MedievalDungeon/Materials/M_Fire_Pit_Inst.uasset" 387
"../../../../Users/mbabi/Documents/Unreal Projects/EscapeIfYouCan/Content/MedievalDungeon/Meshes/Architecture/Dungeon/SM_Fire_Pit.uasset" 388
"../../../../Users/mbabi/Documents/Unreal Projects/EscapeIfYouCan/Content/MedievalDungeon/Textures/T_Pillar_A.uasset" 389
"../../../../Users/mbabi/Documents/Unreal Projects/EscapeIfYouCan/Content/MedievalDungeon/Textures/T_Pillar_C.uasset" 390
"../../../../Users/mbabi/Documents/Unreal Projects/EscapeIfYouCan/Content/MedievalDungeon/Textures/T_Pillar_N.uasset" 391
"../../../../Users/mbabi/Documents/Unreal Projects/EscapeIfYouCan/Content/MedievalDungeon/Materials/M_Pillar_Inst.uasset" 392
"../../../../Users/mbabi/Documents/Unreal Projects/EscapeIfYouCan/Content/MedievalDungeon/Meshes/Architecture/Dungeon/SM_Pillar.uasset" 393
"../../../../Users/mbabi/Documents/Unreal Projects/EscapeIfYouCan/Content/MedievalDungeon/Textures/T_Stone_Altar_A.uasset" 394
"../../../../Users/mbabi/Documents/Unreal Projects/EscapeIfYouCan/Content/MedievalDungeon/Textures/T_Stone_Altar_C.uasset" 395
"../../../../Users/mbabi/Documents/Unreal Projects/EscapeIfYouCan/Content/MedievalDungeon/Textures/T_Stone_Altar_N.uasset" 396
"../../../../Users/mbabi/Documents/Unreal Projects/EscapeIfYouCan/Content/MedievalDungeon/Materials/M_Stone_Altar_Inst.uasset" 397
"../../../../Users/mbabi/Documents/Unreal Projects/EscapeIfYouCan/Content/MedievalDungeon/Meshes/Props/SM_Alter.uasset" 398
"../../../../Users/mbabi/Documents/Unreal Projects/EscapeIfYouCan/Content/MedievalDungeon/Textures/T_Chains_Texturing_A.uasset" 399
"../../../../Users/mbabi/Documents/Unreal Projects/EscapeIfYouCan/Content/MedievalDungeon/Textures/T_Chains_Texturing_C.uasset" 400
"../../../../Users/mbabi/Documents/Unreal Projects/EscapeIfYouCan/Content/MedievalDungeon/Textures/T_Chains_Texturing_N.uasset" 401
"../../../../Users/mbabi/Documents/Unreal Projects/EscapeIfYouCan/Content/MedievalDungeon/Materials/M_Chains_Inst.uasset" 402
"../../../../Users/mbabi/Documents/Unreal Projects/EscapeIfYouCan/Content/MedievalDungeon/Meshes/Props/SM_Ball_And_Chain.uasset" 403
"../../../../Users/mbabi/Documents/Unreal Projects/EscapeIfYouCan/Content/MedievalDungeon/Textures/T_Bed_A.uasset" 404
"../../../../Users/mbabi/Documents/Unreal Projects/EscapeIfYouCan/Content/MedievalDungeon/Textures/T_Bed_C.uasset" 405
"../../../../Users/mbabi/Documents/Unreal Projects/EscapeIfYouCan/Content/MedievalDungeon/Textures/T_Bed_N.uasset" 406
"../../../../Users/mbabi/Documents/Unreal Projects/EscapeIfYouCan/Content/MedievalDungeon/Materials/M_Bed_Inst.uasset" 407
"../../../../Users/mbabi/Documents/Unreal Projects/EscapeIfYouCan/Content/MedievalDungeon/Meshes/Props/SM_Bed.uasset" 408
"../../../../Users/mbabi/Documents/Unreal Projects/EscapeIfYouCan/Content/MedievalDungeon/Textures/T_Candles_A.uasset" 409
"../../../../Users/mbabi/Documents/Unreal Projects/EscapeIfYouCan/Content/MedievalDungeon/Textures/T_Candles_C.uasset" 410
"../../../../Users/mbabi/Documents/Unreal Projects/EscapeIfYouCan/Content/MedievalDungeon/Textures/T_Candles_N.uasset" 411
"../../../../Users/mbabi/Documents/Unreal Projects/EscapeIfYouCan/Content/MedievalDungeon/Materials/M_Candles_Master.uasset" 412
"../../../../Users/mbabi/Documents/Unreal Projects/EscapeIfYouCan/Content/MedievalDungeon/Materials/M_Candles_Inst.uasset" 413
"../../../../Users/mbabi/Documents/Unreal Projects/EscapeIfYouCan/Content/MedievalDungeon/Meshes/Props/SM_Candle.uasset" 414
"../../../../Users/mbabi/Documents/Unreal Projects/EscapeIfYouCan/Content/MedievalDungeon/Textures/T_Candle_Holder_A.uasset" 415
"../../../../Users/mbabi/Documents/Unreal Projects/EscapeIfYouCan/Content/MedievalDungeon/Textures/T_Candle_Holder_C.uasset" 416
"../../../../Users/mbabi/Documents/Unreal Projects/EscapeIfYouCan/Content/MedievalDungeon/Textures/T_Candle_Holder_N.uasset" 417
"../../../../Users/mbabi/Documents/Unreal Projects/EscapeIfYouCan/Content/MedievalDungeon/Materials/M_Candle_Holder_Inst.uasset" 418
"../../../../Users/mbabi/Documents/Unreal Projects/EscapeIfYouCan/Content/MedievalDungeon/Meshes/Props/SM_Candle_Holder.uasset" 419
"../../../../Users/mbabi/Documents/Unreal Projects/EscapeIfYouCan/Content/MedievalDungeon/Meshes/Props/SM_Candle_Used_A.uasset" 420
"../../../../Users/mbabi/Documents/Unreal Projects/EscapeIfYouCan/Content/MedievalDungeon/Meshes/Props/SM_Candle_Used_B.uasset" 421
"../../../../Users/mbabi/Documents/Unreal Projects/EscapeIfYouCan/Content/MedievalDungeon/Textures/T_CandleHolder_Bronze_A.uasset" 422
"../../../../Users/mbabi/Documents/Unreal Projects/EscapeIfYouCan/Content/MedievalDungeon/Textures/T_CandleHolder_Bronze_C.uasset" 423
"../../../../Users/mbabi/Documents/Unreal Projects/EscapeIfYouCan/Content/MedievalDungeon/Textures/T_CandleHolder_Bronze_N.uasset" 424
"../../../../Users/mbabi/Documents/Unreal Projects/EscapeIfYouCan/Content/MedievalDungeon/Materials/M_CandleHolder_Bronze_Inst.uasset" 425
"../../../../Users/mbabi/Documents/Unreal Projects/EscapeIfYouCan/Content/MedievalDungeon/Meshes/Props/SM_CandleHolder_Bronze.uasset" 426
"../../../../Users/mbabi/Documents/Unreal Projects/EscapeIfYouCan/Content/MedievalDungeon/Textures/T_CandleHolder_Iron_A.uasset" 427
"../../../../Users/mbabi/Documents/Unreal Projects/EscapeIfYouCan/Content/MedievalDungeon/Textures/T_CandleHolder_Iron_C.uasset" 428
"../../../../Users/mbabi/Documents/Unreal Projects/EscapeIfYouCan/Content/MedievalDungeon/Textures/T_CandleHolder_Iron_N.uasset" 429
"../../../../Users/mbabi/Documents/Unreal Projects/EscapeIfYouCan/Content/MedievalDungeon/Materials/M_CandleHolder_Iron_Inst.uasset" 430
"../../../../Users/mbabi/Documents/Unreal Projects/EscapeIfYouCan/Content/MedievalDungeon/Meshes/Props/SM_CandleHolder_Iron.uasset" 431
"../../../../Users/mbabi/Documents/Unreal Projects/EscapeIfYouCan/Content/MedievalDungeon/Textures/T_CandleStick_Iron_A.uasset" 432
"../../../../Users/mbabi/Documents/Unreal Projects/EscapeIfYouCan/Content/MedievalDungeon/Textures/T_CandleStick_Iron_C.uasset" 433
"../../../../Users/mbabi/Documents/Unreal Projects/EscapeIfYouCan/Content/MedievalDungeon/Textures/T_CandleStick_Iron_N.uasset" 434
"../../../../Users/mbabi/Documents/Unreal Projects/EscapeIfYouCan/Content/MedievalDungeon/Materials/M_CandleStick_Iron_Inst.uasset" 435
"../../../../Users/mbabi/Documents/Unreal Projects/EscapeIfYouCan/Content/MedievalDungeon/Meshes/Props/SM_CandleStick_Iron.uasset" 436
"../../../../Users/mbabi/Documents/Unreal Projects/EscapeIfYouCan/Content/MedievalDungeon/Textures/T_Chandelier_A.uasset" 437
"../../../../Users/mbabi/Documents/Unreal Projects/EscapeIfYouCan/Content/MedievalDungeon/Textures/T_Chandelier_C.uasset" 438
"../../../../Users/mbabi/Documents/Unreal Projects/EscapeIfYouCan/Content/MedievalDungeon/Textures/T_Chandelier_N.uasset" 439
"../../../../Users/mbabi/Documents/Unreal Projects/EscapeIfYouCan/Content/MedievalDungeon/Materials/M_Chandlier_Inst.uasset" 440
"../../../../Users/mbabi/Documents/Unreal Projects/EscapeIfYouCan/Content/MedievalDungeon/Meshes/Props/SM_Chandelier.uasset" 441
"../../../../Users/mbabi/Documents/Unreal Projects/EscapeIfYouCan/Content/MedievalDungeon/Meshes/Props/SM_Coffin.uasset" 442
"../../../../Users/mbabi/Documents/Unreal Projects/EscapeIfYouCan/Content/MedievalDungeon/Meshes/Props/SM_Coffin_No_Lid.uasset" 443
"../../../../Users/mbabi/Documents/Unreal Projects/EscapeIfYouCan/Content/MedievalDungeon/Meshes/Props/SM_Decor_Chains_A.uasset" 444
"../../../../Users/mbabi/Documents/Unreal Projects/EscapeIfYouCan/Content/MedievalDungeon/Meshes/Props/SM_Decor_Chains_B.uasset" 445
"../../../../Users/mbabi/Documents/Unreal Projects/EscapeIfYouCan/Content/MedievalDungeon/Meshes/Props/SM_Decor_Ring.uasset" 446
"../../../../Users/mbabi/Documents/Unreal Projects/EscapeIfYouCan/Content/MedievalDungeon/Textures/T_Dirt_Mound_Texturing_A.uasset" 447
"../../../../Users/mbabi/Documents/Unreal Projects/EscapeIfYouCan/Content/MedievalDungeon/Textures/T_Dirt_Mound_Texturing_C.uasset" 448
"../../../../Users/mbabi/Documents/Unreal Projects/EscapeIfYouCan/Content/MedievalDungeon/Textures/T_Dirt_Mound_Texturing_N.uasset" 449
"../../../../Users/mbabi/Documents/Unreal Projects/EscapeIfYouCan/Content/MedievalDungeon/Materials/M_Dirt_Mounds_Inst.uasset" 450
"../../../../Users/mbabi/Documents/Unreal Projects/EscapeIfYouCan/Content/MedievalDungeon/Meshes/Props/SM_Dirt_Mound_A.uasset" 451
"../../../../Users/mbabi/Documents/Unreal Projects/EscapeIfYouCan/Content/MedievalDungeon/Materials/M_Gargoyle_Inst.uasset" 452
"../../../../Users/mbabi/Documents/Unreal Projects/EscapeIfYouCan/Content/MedievalDungeon/Meshes/Props/SM_Gargoyle_Statue.uasset" 453
"../../../../Users/mbabi/Documents/Unreal Projects/EscapeIfYouCan/Content/MedievalDungeon/Textures/T_Gargoyle_Stand_A.uasset" 454
"../../../../Users/mbabi/Documents/Unreal Projects/EscapeIfYouCan/Content/MedievalDungeon/Textures/T_Gargoyle_Stand_C.uasset" 455
"../../../../Users/mbabi/Documents/Unreal Projects/EscapeIfYouCan/Content/MedievalDungeon/Textures/T_Gargoyle_Stand_N.uasset" 456
"../../../../Users/mbabi/Documents/Unreal Projects/EscapeIfYouCan/Content/MedievalDungeon/Materials/M_Gargoyle_Stand_Inst.uasset" 457
"../../../../Users/mbabi/Documents/Unreal Projects/EscapeIfYouCan/Content/MedievalDungeon/Meshes/Props/SM_Gargoyle_Statue_Stand.uasset" 458
"../../../../Users/mbabi/Documents/Unreal Projects/EscapeIfYouCan/Content/MedievalDungeon/Textures/T_Gibbet_Cage_Mount_Texturing_A.uasset" 459
"../../../../Users/mbabi/Documents/Unreal Projects/EscapeIfYouCan/Content/MedievalDungeon/Textures/T_Gibbet_Cage_Mount_Texturing_C.uasset" 460
"../../../../Users/mbabi/Documents/Unreal Projects/EscapeIfYouCan/Content/MedievalDungeon/Textures/T_Gibbet_Cage_Mount_Texturing_N.uasset" 461
"../../../../Users/mbabi/Documents/Unreal Projects/EscapeIfYouCan/Content/MedievalDungeon/Materials/M_Gibbet_Cage_Inst.uasset" 462
"../../../../Users/mbabi/Documents/Unreal Projects/EscapeIfYouCan/Content/MedievalDungeon/Meshes/Props/SM_Gibbet_Cage.uasset" 463
"../../../../Users/mbabi/Documents/Unreal Projects/EscapeIfYouCan/Content/MedievalDungeon/Meshes/Props/SM_Gibbet_Cage_Wall_Mount.uasset" 464
"../../../../Users/mbabi/Documents/Unreal Projects/EscapeIfYouCan/Content/MedievalDungeon/Meshes/Props/SM_Handcuff.uasset" 465
"../../../../Users/mbabi/Documents/Unreal Projects/EscapeIfYouCan/Content/MedievalDungeon/Meshes/Props/SM_Lock_Closed.uasset" 466
"../../../../Users/mbabi/Documents/Unreal Projects/EscapeIfYouCan/Content/MedievalDungeon/Meshes/Props/SM_Lock_Key.uasset" 467
"../../../../Users/mbabi/Documents/Unreal Projects/EscapeIfYouCan/Content/MedievalDungeon/Meshes/Props/SM_Lock_Open.uasset" 468
"../../../../Users/mbabi/Documents/Unreal Projects/EscapeIfYouCan/Content/MedievalDungeon/Meshes/Props/SM_Pot_A_Body.uasset" 469
"../../../../Users/mbabi/Documents/Unreal Projects/EscapeIfYouCan/Content/MedievalDungeon/Meshes/Props/SM_Pot_A_Body1.uasset" 470
"../../../../Users/mbabi/Documents/Unreal Projects/EscapeIfYouCan/Content/MedievalDungeon/Meshes/Props/SM_Pot_A_Complete.uasset" 471
"../../../../Users/mbabi/Documents/Unreal Projects/EscapeIfYouCan/Content/MedievalDungeon/Meshes/Props/SM_Pot_A_Lid.uasset" 472
"../../../../Users/mbabi/Documents/Unreal Projects/EscapeIfYouCan/Content/MedievalDungeon/Meshes/Props/SM_Pot_B_Body.uasset" 473
"../../../../Users/mbabi/Documents/Unreal Projects/EscapeIfYouCan/Content/MedievalDungeon/Meshes/Props/SM_Pot_B_Complete.uasset" 474
"../../../../Users/mbabi/Documents/Unreal Projects/EscapeIfYouCan/Content/MedievalDungeon/Meshes/Props/SM_Pot_B_Lid.uasset" 475
"../../../../Users/mbabi/Documents/Unreal Projects/EscapeIfYouCan/Content/MedievalDungeon/Meshes/Props/SM_Pot_C_Body.uasset" 476
"../../../../Users/mbabi/Documents/Unreal Projects/EscapeIfYouCan/Content/MedievalDungeon/Meshes/Props/SM_Pot_C_Complete.uasset" 477
"../../../../Users/mbabi/Documents/Unreal Projects/EscapeIfYouCan/Content/MedievalDungeon/Meshes/Props/SM_Pot_C_Lid.uasset" 478
"../../../../Users/mbabi/Documents/Unreal Projects/EscapeIfYouCan/Content/MedievalDungeon/Materials/M_Statue.uasset" 479
"../../../../Users/mbabi/Documents/Unreal Projects/EscapeIfYouCan/Content/MedievalDungeon/Meshes/Props/SM_Statue_Hooded.uasset" 480
"../../../../Users/mbabi/Documents/Unreal Projects/EscapeIfYouCan/Content/MedievalDungeon/Materials/M_Statue_Hooded_Metal_Inst.uasset" 481
"../../../../Users/mbabi/Documents/Unreal Projects/EscapeIfYouCan/Content/MedievalDungeon/Meshes/Props/SM_Statue_Hooded_Metal.uasset" 482
"../../../../Users/mbabi/Documents/Unreal Projects/EscapeIfYouCan/Content/MedievalDungeon/Textures/T_Statue_Stand_A.uasset" 483
"../../../../Users/mbabi/Documents/Unreal Projects/EscapeIfYouCan/Content/MedievalDungeon/Textures/T_Statue_Stand_C.uasset" 484
"../../../../Users/mbabi/Documents/Unreal Projects/EscapeIfYouCan/Content/MedievalDungeon/Textures/T_Statue_Stand_N.uasset" 485
"../../../../Users/mbabi/Documents/Unreal Projects/EscapeIfYouCan/Content/MedievalDungeon/Materials/M_Statue_Stand_Inst.uasset" 486
"../../../../Users/mbabi/Documents/Unreal Projects/EscapeIfYouCan/Content/MedievalDungeon/Meshes/Props/SM_Statue_Stand.uasset" 487
"../../../../Users/mbabi/Documents/Unreal Projects/EscapeIfYouCan/Content/MedievalDungeon/Textures/T_Stocks_A.uasset" 488
"../../../../Users/mbabi/Documents/Unreal Projects/EscapeIfYouCan/Content/MedievalDungeon/Textures/T_Stocks_C.uasset" 489
"../../../../Users/mbabi/Documents/Unreal Projects/EscapeIfYouCan/Content/MedievalDungeon/Textures/T_Stocks_N.uasset" 490
"../../../../Users/mbabi/Documents/Unreal Projects/EscapeIfYouCan/Content/MedievalDungeon/Materials/M_Stocks_Inst.uasset" 491
"../../../../Users/mbabi/Documents/Unreal Projects/EscapeIfYouCan/Content/MedievalDungeon/Meshes/Props/SM_Stocks_Game_Ready.uasset" 492
"../../../../Users/mbabi/Documents/Unreal Projects/EscapeIfYouCan/Content/MedievalDungeon/Textures/T_Stone_Coffin_A.uasset" 493
"../../../../Users/mbabi/Documents/Unreal Projects/EscapeIfYouCan/Content/MedievalDungeon/Textures/T_Stone_Coffin_C.uasset" 494
"../../../../Users/mbabi/Documents/Unreal Projects/EscapeIfYouCan/Content/MedievalDungeon/Textures/T_Stone_Coffin_N.uasset" 495
"../../../../Users/mbabi/Documents/Unreal Projects/EscapeIfYouCan/Content/MedievalDungeon/Materials/M_Stone_Coffin_Inst.uasset" 496
"../../../../Users/mbabi/Documents/Unreal Projects/EscapeIfYouCan/Content/MedievalDungeon/Meshes/Props/SM_Stone_Coffin.uasset" 497
"../../../../Users/mbabi/Documents/Unreal Projects/EscapeIfYouCan/Content/MedievalDungeon/Meshes/Props/SM_Stone_Coffin_Body.uasset" 498
"../../../../Users/mbabi/Documents/Unreal Projects/EscapeIfYouCan/Content/MedievalDungeon/Meshes/Props/SM_Stone_Coffin_Lid.uasset" 499
"../../../../Users/mbabi/Documents/Unreal Projects/EscapeIfYouCan/Content/MedievalDungeon/Textures/T_Table_A.uasset" 500
"../../../../Users/mbabi/Documents/Unreal Projects/EscapeIfYouCan/Content/MedievalDungeon/Textures/T_Table_C.uasset" 501
"../../../../Users/mbabi/Documents/Unreal Projects/EscapeIfYouCan/Content/MedievalDungeon/Textures/T_Table_N.uasset" 502
"../../../../Users/mbabi/Documents/Unreal Projects/EscapeIfYouCan/Content/MedievalDungeon/Materials/M_Table_Inst.uasset" 503
"../../../../Users/mbabi/Documents/Unreal Projects/EscapeIfYouCan/Content/MedievalDungeon/Meshes/Props/SM_Table.uasset" 504
"../../../../Users/mbabi/Documents/Unreal Projects/EscapeIfYouCan/Content/MedievalDungeon/Textures/T_Half_Arch_A.uasset" 505
"../../../../Users/mbabi/Documents/Unreal Projects/EscapeIfYouCan/Content/MedievalDungeon/Textures/T_Half_Arch_C.uasset" 506
"../../../../Users/mbabi/Documents/Unreal Projects/EscapeIfYouCan/Content/MedievalDungeon/Textures/T_Half_Arch_N.uasset" 507
"../../../../Users/mbabi/Documents/Unreal Projects/EscapeIfYouCan/Content/MedievalDungeon/Materials/M_Half_Arch_Inst.uasset" 508
"../../../../Users/mbabi/Documents/Unreal Projects/EscapeIfYouCan/Content/MedievalDungeon/Textures/T_Torch_A.uasset" 509
"../../../../Users/mbabi/Documents/Unreal Projects/EscapeIfYouCan/Content/MedievalDungeon/Textures/T_Torch_C.uasset" 510
"../../../../Users/mbabi/Documents/Unreal Projects/EscapeIfYouCan/Content/MedievalDungeon/Textures/T_Torch_N.uasset" 511
"../../../../Users/mbabi/Documents/Unreal Projects/EscapeIfYouCan/Content/MedievalDungeon/Materials/M_Torch_Inst.uasset" 512
"../../../../Users/mbabi/Documents/Unreal Projects/EscapeIfYouCan/Content/MedievalDungeon/Meshes/Props/SM_Torch.uasset" 513
"../../../../Users/mbabi/Documents/Unreal Projects/EscapeIfYouCan/Content/MedievalDungeon/Textures/T_Torture_Chair_A.uasset" 514
"../../../../Users/mbabi/Documents/Unreal Projects/EscapeIfYouCan/Content/MedievalDungeon/Textures/T_Torture_Chair_C.uasset" 515
"../../../../Users/mbabi/Documents/Unreal Projects/EscapeIfYouCan/Content/MedievalDungeon/Textures/T_Torture_Chair_Normal.uasset" 516
"../../../../Users/mbabi/Documents/Unreal Projects/EscapeIfYouCan/Content/MedievalDungeon/Materials/M_Torture_Chair_Inst.uasset" 517
"../../../../Users/mbabi/Documents/Unreal Projects/EscapeIfYouCan/Content/MedievalDungeon/Meshes/Props/SM_Torture_Chair.uasset" 518
"../../../../Users/mbabi/Documents/Unreal Projects/EscapeIfYouCan/Content/MedievalDungeon/Materials/M_Skeleton_Dirty.uasset" 519
"../../../../Users/mbabi/Documents/Unreal Projects/EscapeIfYouCan/Content/MedievalDungeon/Meshes/Skeletons/SM_Bones_Arm.uasset" 520
"../../../../Users/mbabi/Documents/Unreal Projects/EscapeIfYouCan/Content/MedievalDungeon/Meshes/Skeletons/SM_Bones_ClavicalLeft.uasset" 521
"../../../../Users/mbabi/Documents/Unreal Projects/EscapeIfYouCan/Content/MedievalDungeon/Meshes/Skeletons/SM_Bones_ClavicalRight.uasset" 522
"../../../../Users/mbabi/Documents/Unreal Projects/EscapeIfYouCan/Content/MedievalDungeon/Meshes/Skeletons/SM_Bones_FemurLeft.uasset" 523
"../../../../Users/mbabi/Documents/Unreal Projects/EscapeIfYouCan/Content/MedievalDungeon/Meshes/Skeletons/SM_Bones_FemurRight.uasset" 524
"../../../../Users/mbabi/Documents/Unreal Projects/EscapeIfYouCan/Content/MedievalDungeon/Meshes/Skeletons/SM_Bones_FibulaLeft.uasset" 525
"../../../../Users/mbabi/Documents/Unreal Projects/EscapeIfYouCan/Content/MedievalDungeon/Meshes/Skeletons/SM_Bones_FibulaRight.uasset" 526
"../../../../Users/mbabi/Documents/Unreal Projects/EscapeIfYouCan/Content/MedievalDungeon/Meshes/Skeletons/SM_Bones_FootLeft.uasset" 527
"../../../../Users/mbabi/Documents/Unreal Projects/EscapeIfYouCan/Content/MedievalDungeon/Meshes/Skeletons/SM_Bones_FootRight.uasset" 528
"../../../../Users/mbabi/Documents/Unreal Projects/EscapeIfYouCan/Content/MedievalDungeon/Meshes/Skeletons/SM_Bones_HandLeft.uasset" 529
"../../../../Users/mbabi/Documents/Unreal Projects/EscapeIfYouCan/Content/MedievalDungeon/Meshes/Skeletons/SM_Bones_HandRight.uasset" 530
"../../../../Users/mbabi/Documents/Unreal Projects/EscapeIfYouCan/Content/MedievalDungeon/Meshes/Skeletons/SM_Bones_Hips.uasset" 531
"../../../../Users/mbabi/Documents/Unreal Projects/EscapeIfYouCan/Content/MedievalDungeon/Meshes/Skeletons/SM_Bones_HumerusLeft.uasset" 532
"../../../../Users/mbabi/Documents/Unreal Projects/EscapeIfYouCan/Content/MedievalDungeon/Meshes/Skeletons/SM_Bones_HumerusRight.uasset" 533
"../../../../Users/mbabi/Documents/Unreal Projects/EscapeIfYouCan/Content/MedievalDungeon/Meshes/Skeletons/SM_Bones_Leg.uasset" 534
"../../../../Users/mbabi/Documents/Unreal Projects/EscapeIfYouCan/Content/MedievalDungeon/Meshes/Skeletons/SM_Bones_Neck.uasset" 535
"../../../../Users/mbabi/Documents/Unreal Projects/EscapeIfYouCan/Content/MedievalDungeon/Meshes/Skeletons/SM_Bones_PatellaLeft.uasset" 536
"../../../../Users/mbabi/Documents/Unreal Projects/EscapeIfYouCan/Content/MedievalDungeon/Meshes/Skeletons/SM_Bones_PatellaRight.uasset" 537
"../../../../Users/mbabi/Documents/Unreal Projects/EscapeIfYouCan/Content/MedievalDungeon/Meshes/Skeletons/SM_Bones_RadiusLeft.uasset" 538
"../../../../Users/mbabi/Documents/Unreal Projects/EscapeIfYouCan/Content/MedievalDungeon/Meshes/Skeletons/SM_Bones_RadiusRight.uasset" 539
"../../../../Users/mbabi/Documents/Unreal Projects/EscapeIfYouCan/Content/MedievalDungeon/Meshes/Skeletons/SM_Bones_RibCage.uasset" 540
"../../../../Users/mbabi/Documents/Unreal Projects/EscapeIfYouCan/Content/MedievalDungeon/Meshes/Skeletons/SM_Bones_ScapulaLeft.uasset" 541
"../../../../Users/mbabi/Documents/Unreal Projects/EscapeIfYouCan/Content/MedievalDungeon/Meshes/Skeletons/SM_Bones_ScapulaRight.uasset" 542
"../../../../Users/mbabi/Documents/Unreal Projects/EscapeIfYouCan/Content/MedievalDungeon/Meshes/Skeletons/SM_Bones_Skull.uasset" 543
"../../../../Users/mbabi/Documents/Unreal Projects/EscapeIfYouCan/Content/MedievalDungeon/Meshes/Skeletons/SM_Bones_TibiaLeft.uasset" 544
"../../../../Users/mbabi/Documents/Unreal Projects/EscapeIfYouCan/Content/MedievalDungeon/Meshes/Skeletons/SM_Bones_TibiaRight.uasset" 545
"../../../../Users/mbabi/Documents/Unreal Projects/EscapeIfYouCan/Content/MedievalDungeon/Meshes/Skeletons/SM_Bones_UlnaLeft.uasset" 546
"../../../../Users/mbabi/Documents/Unreal Projects/EscapeIfYouCan/Content/MedievalDungeon/Meshes/Skeletons/SM_Bones_UlnaRight.uasset" 547
"../../../../Users/mbabi/Documents/Unreal Projects/EscapeIfYouCan/Content/MedievalDungeon/Meshes/Skeletons/SM_Skeleton_03.uasset" 548
"../../../../Users/mbabi/Documents/Unreal Projects/EscapeIfYouCan/Content/MedievalDungeon/Meshes/Skeletons/SM_Skeleton_04.uasset" 549
"../../../../Users/mbabi/Documents/Unreal Projects/EscapeIfYouCan/Content/MedievalDungeon/Meshes/Skeletons/SM_Skeleton_05.uasset" 550
"../../../../Users/mbabi/Documents/Unreal Projects/EscapeIfYouCan/Content/MedievalDungeon/Meshes/Skeletons/SM_Skeleton_06.uasset" 551
"../../../../Users/mbabi/Documents/Unreal Projects/EscapeIfYouCan/Content/MedievalDungeon/Meshes/Skeletons/SM_Skeleton_07.uasset" 552
"../../../../Users/mbabi/Documents/Unreal Projects/EscapeIfYouCan/Content/MedievalDungeon/Particles/Textures/T_Fire_SubUV.uasset" 553
"../../../../Users/mbabi/Documents/Unreal Projects/EscapeIfYouCan/Content/MedievalDungeon/Particles/Textures/T_Fire_Tiled_D.uasset" 554
"../../../../Users/mbabi/Documents/Unreal Projects/EscapeIfYouCan/Content/MedievalDungeon/Particles/Materials/M_Fire_SubUV.uasset" 555
"../../../../Users/mbabi/Documents/Unreal Projects/EscapeIfYouCan/Content/MedievalDungeon/Textures/T_Water_N.uasset" 556
"../../../../Users/mbabi/Documents/Unreal Projects/EscapeIfYouCan/Content/MedievalDungeon/Particles/Materials/M_Heat_Distortion.uasset" 557
"../../../Engine/Content/Functions/Engine_MaterialFunctions01/Gradient/RadialGradient.uasset" 558
"../../../../Users/mbabi/Documents/Unreal Projects/EscapeIfYouCan/Content/MedievalDungeon/Particles/Materials/M_Radial_Gradient.uasset" 559
"../../../../Users/mbabi/Documents/Unreal Projects/EscapeIfYouCan/Content/MedievalDungeon/Particles/Textures/T_Smoke_SubUV.uasset" 560
"../../../../Users/mbabi/Documents/Unreal Projects/EscapeIfYouCan/Content/MedievalDungeon/Particles/Textures/T_Smoke_Tiled_D.uasset" 561
"../../../../Users/mbabi/Documents/Unreal Projects/EscapeIfYouCan/Content/MedievalDungeon/Particles/Materials/M_smoke_subUV.uasset" 562
"../../../../Users/mbabi/Documents/Unreal Projects/EscapeIfYouCan/Content/MedievalDungeon/Particles/P_Pit_Fire.uasset" 563
"../../../../Users/mbabi/Documents/Unreal Projects/EscapeIfYouCan/Content/MedievalDungeon/Particles/P_Torch_Fire.uasset" 564
"../../../../Users/mbabi/Documents/Unreal Projects/EscapeIfYouCan/Content/MedievalDungeon/Particles/Textures/T_CandleFlame.uasset" 565
"../../../../Users/mbabi/Documents/Unreal Projects/EscapeIfYouCan/Content/MedievalDungeon/Particles/Materials/M_CandleFlame.uasset" 566
"../../../../Users/mbabi/Documents/Unreal Projects/EscapeIfYouCan/Content/MedievalDungeon/Particles/PS_CandleFlame.uasset" 567
"../../../../Users/mbabi/Documents/Unreal Projects/EscapeIfYouCan/Content/Sounds/door.uasset" 568
"../../../../Users/mbabi/Documents/Unreal Projects/EscapeIfYouCan/Content/Levels/Castle.umap" 569
"../../../../Users/mbabi/Documents/Unreal Projects/EscapeIfYouCan/Content/Levels/Menu_BuiltData.uasset" 570
"../../../../Users/mbabi/Documents/Unreal Projects/EscapeIfYouCan/Content/Levels/Menu.umap" 571
"../../../Engine/Content/EditorBlueprintResources/StandardMacros.uasset" 572
"../../../Engine/Content/EngineSky/C_Sky_Cloud_Color.uasset" 573
"../../../Engine/Content/EngineSky/C_Sky_Horizon_Color.uasset" 574
"../../../Engine/Content/EngineSky/C_Sky_Zenith_Color.uasset" 575
"../../../Engine/Content/EngineSky/T_Sky_Blue.uasset" 576
"../../../Engine/Content/EngineSky/T_Sky_Clouds_M.uasset" 577
"../../../Engine/Content/EngineSky/T_Sky_Stars.uasset" 578
"../../../Engine/Content/EngineSky/M_Sky_Panning_Clouds2.uasset" 579
"../../../Engine/Content/EngineSky/SM_SkySphere.uasset" 580
"../../../Engine/Content/EngineSky/BP_Sky_Sphere.uasset" 581
"../../../../Users/mbabi/Documents/Unreal Projects/EscapeIfYouCan/Content/MedievalDungeon/Blueprints/BP_Candle.uasset" 582
"../../../../Users/mbabi/Documents/Unreal Projects/EscapeIfYouCan/Content/MedievalDungeon/Meshes/Props/SM_Candle_Used_C.uasset" 583
"../../../../Users/mbabi/Documents/Unreal Projects/EscapeIfYouCan/Content/MedievalDungeon/Blueprints/BP_Candle_Holder.uasset" 584
"../../../../Users/mbabi/Documents/Unreal Projects/EscapeIfYouCan/Content/MedievalDungeon/Blueprints/BP_Candle_Used_A.uasset" 585
"../../../../Users/mbabi/Documents/Unreal Projects/EscapeIfYouCan/Content/MedievalDungeon/Blueprints/BP_Candle_Used_B.uasset" 586
"../../../../Users/mbabi/Documents/Unreal Projects/EscapeIfYouCan/Content/MedievalDungeon/Blueprints/BP_Candle_Used_C.uasset" 587
"../../../../Users/mbabi/Documents/Unreal Projects/EscapeIfYouCan/Content/MedievalDungeon/Blueprints/BP_CandleHolder_Bronze.uasset" 588
"../../../../Users/mbabi/Documents/Unreal Projects/EscapeIfYouCan/Content/MedievalDungeon/Blueprints/BP_CandleHolder_Iron.uasset" 589
"../../../../Users/mbabi/Documents/Unreal Projects/EscapeIfYouCan/Content/MedievalDungeon/Textures/T_CandleStick_Bronze_A.uasset" 590
"../../../../Users/mbabi/Documents/Unreal Projects/EscapeIfYouCan/Content/MedievalDungeon/Textures/T_CandleStick_Bronze_C.uasset" 591
"../../../../Users/mbabi/Documents/Unreal Projects/EscapeIfYouCan/Content/MedievalDungeon/Textures/T_CandleStick_Bronze_N.uasset" 592
"../../../../Users/mbabi/Documents/Unreal Projects/EscapeIfYouCan/Content/MedievalDungeon/Materials/M_CandleStick_Bronze_Inst.uasset" 593
"../../../../Users/mbabi/Documents/Unreal Projects/EscapeIfYouCan/Content/MedievalDungeon/Blueprints/BP_CandleStick_Bronze.uasset" 594
"../../../../Users/mbabi/Documents/Unreal Projects/EscapeIfYouCan/Content/MedievalDungeon/Blueprints/BP_CandleStick_Iron.uasset" 595
"../../../../Users/mbabi/Documents/Unreal Projects/EscapeIfYouCan/Content/MedievalDungeon/Blueprints/BP_Cell_Door.uasset" 596
"../../../../Users/mbabi/Documents/Unreal Projects/EscapeIfYouCan/Content/MedievalDungeon/Materials/M_Flicker_Light_Function.uasset" 597
"../../../../Users/mbabi/Documents/Unreal Projects/EscapeIfYouCan/Content/MedievalDungeon/Blueprints/BP_Chandalier.uasset" 598
"../../../../Users/mbabi/Documents/Unreal Projects/EscapeIfYouCan/Content/MedievalDungeon/Blueprints/BP_Crypt_Doorway.uasset" 599
"../../../../Users/mbabi/Documents/Unreal Projects/EscapeIfYouCan/Content/MedievalDungeon/Meshes/Architecture/Dungeon/SM_DoorWay.uasset" 600
"../../../../Users/mbabi/Documents/Unreal Projects/EscapeIfYouCan/Content/MedievalDungeon/Blueprints/BP_Dungeon_Doorway.uasset" 601
"../../../../Users/mbabi/Documents/Unreal Projects/EscapeIfYouCan/Content/MedievalDungeon/Blueprints/BP_Hanging_Gibbet_Cage.uasset" 602
"../../../../Users/mbabi/Documents/Unreal Projects/EscapeIfYouCan/Content/MedievalDungeon/Materials/M_Torch_Flicker_Light_Function.uasset" 603
"../../../../Users/mbabi/Documents/Unreal Projects/EscapeIfYouCan/Content/MedievalDungeon/Blueprints/BP_Torch.uasset" 604
"../../../../Users/mbabi/Documents/Unreal Projects/EscapeIfYouCan/Content/MedievalDungeon/Maps/Demonstration_BuiltData.uasset" 605
"../../../Engine/Content/EngineVolumetrics/Fogsheet/T_EV_Fogsheet_FlareColors_01.uasset" 606
"../../../../Users/mbabi/Documents/Unreal Projects/EscapeIfYouCan/Content/MedievalDungeon/Meshes/Architecture/Crypt/SM_Crypt_Ceiling.uasset" 607
"../../../../Users/mbabi/Documents/Unreal Projects/EscapeIfYouCan/Content/MedievalDungeon/Meshes/Architecture/Crypt/SM_Crypt_Ceiling_Arch_A.uasset" 608
"../../../../Users/mbabi/Documents/Unreal Projects/EscapeIfYouCan/Content/MedievalDungeon/Meshes/Architecture/Crypt/SM_Crypt_Floor_Concave.uasset" 609
"../../../../Users/mbabi/Documents/Unreal Projects/EscapeIfYouCan/Content/MedievalDungeon/Meshes/Architecture/Crypt/SM_Crypt_Floor_Concave_End_A.uasset" 610
"../../../../Users/mbabi/Documents/Unreal Projects/EscapeIfYouCan/Content/MedievalDungeon/Meshes/Architecture/Crypt/SM_Crypt_Floor_Concave_End_B.uasset" 611
"../../../../Users/mbabi/Documents/Unreal Projects/EscapeIfYouCan/Content/MedievalDungeon/Meshes/Architecture/Crypt/SM_Crypt_Pillar.uasset" 612
"../../../../Users/mbabi/Documents/Unreal Projects/EscapeIfYouCan/Content/MedievalDungeon/Meshes/Architecture/Crypt/SM_Crypt_Wall.uasset" 613
"../../../../Users/mbabi/Documents/Unreal Projects/EscapeIfYouCan/Content/MedievalDungeon/Materials/M_Crypt_Wall_Decorative_A_Inst.uasset" 614
"../../../../Users/mbabi/Documents/Unreal Projects/EscapeIfYouCan/Content/MedievalDungeon/Meshes/Architecture/Crypt/SM_Crypt_Wall_Decorative_A.uasset" 615
"../../../../Users/mbabi/Documents/Unreal Projects/EscapeIfYouCan/Content/MedievalDungeon/Textures/T_Crypt_Wall_Decorative_C_Albedo.uasset" 616
"../../../../Users/mbabi/Documents/Unreal Projects/EscapeIfYouCan/Content/MedievalDungeon/Textures/T_Crypt_Wall_Decorative_C_Compact.uasset" 617
"../../../../Users/mbabi/Documents/Unreal Projects/EscapeIfYouCan/Content/MedievalDungeon/Textures/T_Crypt_Wall_Decorative_C_Normal.uasset" 618
"../../../../Users/mbabi/Documents/Unreal Projects/EscapeIfYouCan/Content/MedievalDungeon/Materials/M_Crypt_Wall_Decorative_C_Inst.uasset" 619
"../../../../Users/mbabi/Documents/Unreal Projects/EscapeIfYouCan/Content/MedievalDungeon/Meshes/Architecture/Crypt/SM_Crypt_Wall_Decorative_C.uasset" 620
"../../../../Users/mbabi/Documents/Unreal Projects/EscapeIfYouCan/Content/MedievalDungeon/Meshes/Architecture/Crypt/SM_Crypt_Wall_Floor_Trim.uasset" 621
"../../../../Users/mbabi/Documents/Unreal Projects/EscapeIfYouCan/Content/MedievalDungeon/Meshes/Architecture/Crypt/SM_Crypt_Wall_Plaster.uasset" 622
"../../../../Users/mbabi/Documents/Unreal Projects/EscapeIfYouCan/Content/MedievalDungeon/Meshes/Architecture/Crypt/SM_Crypt_Wall_Stop_Gap.uasset" 623
"../../../../Users/mbabi/Documents/Unreal Projects/EscapeIfYouCan/Content/MedievalDungeon/Textures/T_Mausoleum_Ceiling_A.uasset" 624
"../../../../Users/mbabi/Documents/Unreal Projects/EscapeIfYouCan/Content/MedievalDungeon/Textures/T_Mausoleum_Ceiling_C.uasset" 625
"../../../../Users/mbabi/Documents/Unreal Projects/EscapeIfYouCan/Content/MedievalDungeon/Textures/T_Mausoleum_Ceiling_N.uasset" 626
"../../../../Users/mbabi/Documents/Unreal Projects/EscapeIfYouCan/Content/MedievalDungeon/Materials/M_Mausoleum_Ceiling_Inst.uasset" 627
"../../../../Users/mbabi/Documents/Unreal Projects/EscapeIfYouCan/Content/MedievalDungeon/Meshes/Architecture/Crypt/SM_Mausoleum_Ceiling.uasset" 628
"../../../../Users/mbabi/Documents/Unreal Projects/EscapeIfYouCan/Content/MedievalDungeon/Meshes/Architecture/Crypt/SM_Mausoleum_Lid_A.uasset" 629
"../../../../Users/mbabi/Documents/Unreal Projects/EscapeIfYouCan/Content/MedievalDungeon/Meshes/Architecture/Crypt/SM_Mausoleum_Lid_B.uasset" 630
"../../../../Users/mbabi/Documents/Unreal Projects/EscapeIfYouCan/Content/MedievalDungeon/Meshes/Architecture/Crypt/SM_Mausoleum_Lid_C.uasset" 631
"../../../../Users/mbabi/Documents/Unreal Projects/EscapeIfYouCan/Content/MedievalDungeon/Meshes/Architecture/Dungeon/SM_Ceiling_Flat.uasset" 632
"../../../../Users/mbabi/Documents/Unreal Projects/EscapeIfYouCan/Content/MedievalDungeon/Meshes/Architecture/Dungeon/SM_Ceiling_Half.uasset" 633
"../../../../Users/mbabi/Documents/Unreal Projects/EscapeIfYouCan/Content/MedievalDungeon/Meshes/Architecture/Dungeon/SM_Ceiling_Piece.uasset" 634
"../../../../Users/mbabi/Documents/Unreal Projects/EscapeIfYouCan/Content/MedievalDungeon/Meshes/Architecture/Dungeon/SM_Ceiling_Piece_B.uasset" 635
"../../../../Users/mbabi/Documents/Unreal Projects/EscapeIfYouCan/Content/MedievalDungeon/Meshes/Architecture/Dungeon/SM_Ceiling_Third.uasset" 636
"../../../../Users/mbabi/Documents/Unreal Projects/EscapeIfYouCan/Content/MedievalDungeon/Textures/T_Decorative_Arches_A.uasset" 637
"../../../../Users/mbabi/Documents/Unreal Projects/EscapeIfYouCan/Content/MedievalDungeon/Textures/T_Decorative_Arches_C.uasset" 638
"../../../../Users/mbabi/Documents/Unreal Projects/EscapeIfYouCan/Content/MedievalDungeon/Textures/T_Decorative_Arches_N.uasset" 639
"../../../../Users/mbabi/Documents/Unreal Projects/EscapeIfYouCan/Content/MedievalDungeon/Materials/M_Decorative_Arches_Inst.uasset" 640
"../../../../Users/mbabi/Documents/Unreal Projects/EscapeIfYouCan/Content/MedievalDungeon/Meshes/Architecture/Dungeon/SM_Decorative_Arches.uasset" 641
"../../../../Users/mbabi/Documents/Unreal Projects/EscapeIfYouCan/Content/MedievalDungeon/Meshes/Architecture/Dungeon/SM_Dungeon_Wall_Decorative_D.uasset" 642
"../../../../Users/mbabi/Documents/Unreal Projects/EscapeIfYouCan/Content/MedievalDungeon/Meshes/Architecture/Dungeon/SM_Floor.uasset" 643
"../../../../Users/mbabi/Documents/Unreal Projects/EscapeIfYouCan/Content/MedievalDungeon/Meshes/Architecture/Dungeon/SM_Half_Arch.uasset" 644
"../../../../Users/mbabi/Documents/Unreal Projects/EscapeIfYouCan/Content/MedievalDungeon/Meshes/Architecture/Dungeon/SM_Large_Window_Half.uasset" 645
"../../../../Users/mbabi/Documents/Unreal Projects/EscapeIfYouCan/Content/MedievalDungeon/Textures/T_Small_Window_A.uasset" 646
"../../../../Users/mbabi/Documents/Unreal Projects/EscapeIfYouCan/Content/MedievalDungeon/Textures/T_Small_Window_C.uasset" 647
"../../../../Users/mbabi/Documents/Unreal Projects/EscapeIfYouCan/Content/MedievalDungeon/Textures/T_Small_Window_N.uasset" 648
"../../../../Users/mbabi/Documents/Unreal Projects/EscapeIfYouCan/Content/MedievalDungeon/Materials/M_Small_Window_Inst.uasset" 649
"../../../../Users/mbabi/Documents/Unreal Projects/EscapeIfYouCan/Content/MedievalDungeon/Meshes/Architecture/Dungeon/SM_Small_Window_Half.uasset" 650
"../../../../Users/mbabi/Documents/Unreal Projects/EscapeIfYouCan/Content/MedievalDungeon/Textures/T_Stairs_10_Albedo.uasset" 651
"../../../../Users/mbabi/Documents/Unreal Projects/EscapeIfYouCan/Content/MedievalDungeon/Textures/T_Stairs_10_Compact.uasset" 652
"../../../../Users/mbabi/Documents/Unreal Projects/EscapeIfYouCan/Content/MedievalDungeon/Textures/T_Stairs_10_Normal.uasset" 653
"../../../../Users/mbabi/Documents/Unreal Projects/EscapeIfYouCan/Content/MedievalDungeon/Materials/M_Stairs_10_Inst.uasset" 654
"../../../../Users/mbabi/Documents/Unreal Projects/EscapeIfYouCan/Content/MedievalDungeon/Meshes/Architecture/Dungeon/SM_Stairs_10.uasset" 655
"../../../../Users/mbabi/Documents/Unreal Projects/EscapeIfYouCan/Content/MedievalDungeon/Meshes/Architecture/Dungeon/SM_Stairs_5.uasset" 656
"../../../../Users/mbabi/Documents/Unreal Projects/EscapeIfYouCan/Content/MedievalDungeon/Meshes/Architecture/Dungeon/SM_Wall_Floor_Trim.uasset" 657
"../../../../Users/mbabi/Documents/Unreal Projects/EscapeIfYouCan/Content/MedievalDungeon/Meshes/Architecture/Dungeon/Wall_Short.uasset" 658
"../../../../Users/mbabi/Documents/Unreal Projects/EscapeIfYouCan/Content/MedievalDungeon/Meshes/Props/SM_Dirt_Mound_B.uasset" 659
"../../../../Users/mbabi/Documents/Unreal Projects/EscapeIfYouCan/Content/MedievalDungeon/Meshes/Props/SM_Dirt_Mound_C.uasset" 660
"../../../../Users/mbabi/Documents/Unreal Projects/EscapeIfYouCan/Content/MedievalDungeon/Meshes/Props/SM_Dirt_Mound_D.uasset" 661
"../../../../Users/mbabi/Documents/Unreal Projects/EscapeIfYouCan/Content/MedievalDungeon/Meshes/Props/SM_Gargoyle_Statue_On_Stand.uasset" 662
"../../../../Users/mbabi/Documents/Unreal Projects/EscapeIfYouCan/Content/MedievalDungeon/Meshes/Props/SM_Gibbet_Cage_Open.uasset" 663
"../../../../Users/mbabi/Documents/Unreal Projects/EscapeIfYouCan/Content/MedievalDungeon/Meshes/Props/SM_Wood_G.uasset" 664
"../../../../Users/mbabi/Documents/Unreal Projects/EscapeIfYouCan/Content/MedievalDungeon/Meshes/Skeletons/SM_Bones_Jaw.uasset" 665
"../../../../Users/mbabi/Documents/Unreal Projects/EscapeIfYouCan/Content/MedievalDungeon/Meshes/Skeletons/SM_Skeleton_01.uasset" 666
"../../../../Users/mbabi/Documents/Unreal Projects/EscapeIfYouCan/Content/MedievalDungeon/Meshes/Skeletons/SM_Skeleton_02.uasset" 667
"../../../../Users/mbabi/Documents/Unreal Projects/EscapeIfYouCan/Content/MedievalDungeon/Textures/T_Medieval_Dungeon_LUT.uasset" 668
"../../../../Users/mbabi/Documents/Unreal Projects/EscapeIfYouCan/Content/MedievalDungeon/Maps/Demonstration.umap" 669
"../../../Engine/Content/Maps/Entry_BuiltData.uasset" 670
"../../../Engine/Content/Maps/Entry.umap" 671
